   This run of MOLCAS is using the pymolcas driver

                             OPE
                             OPE          NMOL  CASOP  ENMOLC A   SO
                 OPE        NMOLC        AS  OP EN  MO LC     AS  OP
                OPENM       OL CA        SO  PE NM  OL CA     SOP EN
                OP EN      MO   LC       AS  OP ENMOL  CASO   PENMOL
                OP  EN     MO   LC       AS  OP EN     MO     LC ASO
               OP   E  NMOL  C  AS       OP  EN MO     LC     AS  OP
               OP  E   NMO   LC AS        OPEN  MO     LCASOP EN   M
               O  PEN   MO  LCA  SO
            OPE   NMO   L   CAS    OP
        OPENMOL  CASOP     ENMOL   CASOPE
     OPENMOLCA   SOPENMOLCASOPEN   MOLCASOPE
    OPENMOLCAS   OP           EN   MOL    CAS
    OPENMOLCAS       OP  ENM        O     LCA
    OPENMOLCAS    OPEN  MOLCASO     P  E  NMO
    OPENMOLCAS     OP               E  N  MOL
    OPENMOLCA   SO           PENM   O  L  CAS    OPEN    MO    LCAS
    OPENMOLCA   SOP           ENM   O  L  CAS   OP  EN  MOLC  AS   O
    OPENMOLCA   SOPE           NM      O  LCA   S      OP  EN MO
    OPENMOLC                AS         O  PEN   M      OL  CA  SOPE
    OPENMO        LCASOPE  NMOL        C  ASO   P      ENMOLC     AS
    OPE     NMO      LCA  SO     P     E   NM   OL  CA SO  PE N   MO
          OPENMOLCA            SOPE   NMO        LCAS  O    P  ENMO
     OPENMOLCASOPENMOLCASOPENMOLCASOPENMOLCA
        OPENMOLCASOPENMOLCASOPENMOLCASOPE
            OPENMOLCASOPENMOLCASOPENM
               OPENMOLCASOPENMOLCA        version: 24.02
                   OPENMOLCASO
                       OPE                tag: 428-g03afa2e9a

 OpenMolcas is free software; you can redistribute it and/or modify it
 under the terms of the GNU Lesser General Public License version 2.1.
 OpenMolcas is distributed in the hope that it will be useful, but it
 is provided "as is" and without any express or implied warranties.
 For more details see the full text of the license in the file
 LICENSE or in <http://www.gnu.org/licenses/>.

                 Copyright (C) The OpenMolcas Authors
           For the author list and the recommended citation,
                   consult the file CONTRIBUTORS.md

           *************************************************
           * pymolcas version py2.28                       *
           *   build c4a6d18ded8cb6cad61d2372a9abd97c      *
           *   (after the EMIL interpreter by V. Veryazov) *
           *************************************************

configuration info
------------------
Host name: DESKTOP-ET1S6F4 (Linux)
C Compiler ID: GNU
C flags: -std=gnu99 -fopenmp
Fortran Compiler ID: GNU
Fortran flags: -fno-aggressive-loop-optimizations -cpp -fdefault-integer-8 -fopenmp
Definitions: _WARNING_WORKAROUND_;_MOLCAS_;_I8_;_LINUX_
Parallel: OFF (GA=OFF)


   ----------------------------------------------------------------------
  |
  |           Project: ethene
  |    Submitted from: /home/kenya/molcas_test/0514
  |      Scratch area: /tmp/ethene
  |   Save outputs to: /home/kenya/molcas_test/0514
  |            Molcas: /home/kenya/OpenMolcas/builds/gnu_dev_omp
  |
  | Scratch area is empty
  |
  |    MOLCAS_DRIVER = /home/kenya/OpenMolcas/builds/gnu_dev_omp/pymolcas
  |    MOLCAS_NPROCS = 1
  |    MOLCAS_SOURCE = /home/kenya/OpenMolcas
  | MOLCAS_STRUCTURE = 0
  |
   ----------------------------------------------------------------------

++ ---------   Input file   ---------

&GATEWAY
  Coord = 6
  Angstrom
C         -4.47077        1.39095        0.00000
C         -4.44839        0.05958        0.00000
H         -4.99432        1.93111       -0.78238
H         -3.96567        1.94840        0.78238
H         -4.95348       -0.49786       -0.78238
H         -3.92484       -0.48057        0.78238

  Basis = 6-31G*
  Group = full
  NoCD

>>> DO WHILE

  &SEWARD

  &SCF

  &SLAPAF

>>> END DO

-- ----------------------------------

--- Start Module: gateway at Mon May 20 16:32:13 2024 ---

()()()()()()()()()()()()()()()()()()()()()()()()()()()()()()()()()()()()()()()()()()()()()()()()()()

                                              &GATEWAY

                                   only a single process is used
                       available to each process: 2.0 GB of memory, 1 thread
                                             pid: 10386
()()()()()()()()()()()()()()()()()()()()()()()()()()()()()()()()()()()()()()()()()()()()()()()()()()


++    Symmetry information:
      ---------------------

                    Character Table for C1 

                             E  
                    a        1  x, y, xy, Rz, z, xz, Ry, yz, Rx, I
--


++    Basis set information:
      ----------------------


      Basis set label: C.6-31G**....

      Electronic valence basis set:
      ------------------
      Associated Effective Charge   6.000000 au
      Associated Actual Charge      6.000000 au
      Nuclear Model: Point charge

      Shell  nPrim  nBasis  Cartesian Spherical Contaminant
         s      10       3        X                  
         p       4       2        X                  
         d       1       1        X                  


      Basis set label: H.6-31G....

      Electronic valence basis set:
      ------------------
      Associated Effective Charge   1.000000 au
      Associated Actual Charge      1.000000 au
      Nuclear Model: Point charge

      Shell  nPrim  nBasis  Cartesian Spherical Contaminant
         s       4       2        X                  
--


++    Molecular structure info:
      -------------------------

                    ************************************************ 
                    **** Cartesian Coordinates / Bohr, Angstrom **** 
                    ************************************************ 

     Center  Label                x              y              z                     x              y              z
        1      C1              -8.448531       2.628515       0.000000             -4.470770       1.390950       0.000000
        2      C2              -8.406239       0.112590       0.000000             -4.448390       0.059580       0.000000
        3      H3              -9.437897       3.649269      -1.478484             -4.994320       1.931110      -0.782380
        4      H4              -7.494030       3.681942       1.478484             -3.965670       1.948400       0.782380
        5      H5              -9.360721      -0.940819      -1.478484             -4.953480      -0.497860      -0.782380
        6      H6              -7.416873      -0.908146       1.478484             -3.924840      -0.480570       0.782380

                    *************************************** 
                    *    InterNuclear Distances / Bohr    * 
                    *************************************** 

               1 C1            2 C2            3 H3            4 H4            5 H5            6 H6    
    1 C1       0.000000
    2 C2       2.516280        0.000000
    3 H3       2.051024        3.969677        0.000000
    4 H4       2.051023        3.969675        3.538834        0.000000
    5 H5       3.969653        2.051005        4.590737        5.796388        0.000000
    6 H6       3.969660        2.051015        5.796398        4.590737        3.538823        0.000000

                    ******************************************* 
                    *    InterNuclear Distances / Angstrom    * 
                    ******************************************* 

               1 C1            2 C2            3 H3            4 H4            5 H5            6 H6    
    1 C1       0.000000
    2 C2       1.331558        0.000000
    3 H3       1.085355        2.100662        0.000000
    4 H4       1.085355        2.100661        1.872670        0.000000
    5 H5       2.100650        1.085345        2.429313        3.067316        0.000000
    6 H6       2.100654        1.085350        3.067322        2.429313        1.872665        0.000000

                    ************************************** 
                    *    Valence Bond Angles / Degree    * 
                    ************************************** 
                          Atom centers                 Phi
                      2 C2       1 C1       3 H3       120.38
                      2 C2       1 C1       4 H4       120.38
                      3 H3       1 C1       4 H4       119.24
                      1 C1       2 C2       5 H5       120.38
                      1 C1       2 C2       6 H6       120.38
                      5 H5       2 C2       6 H6       119.24

           ***************************************************************
           *              Valence Dihedral Angles / Degree               *
           ***************************************************************
                    Atom centers                       Phi1     Phi2     Theta 
           3 H3       1 C1       2 C2       5 H5        120.38   120.38     0.00
           3 H3       1 C1       2 C2       6 H6        120.38   120.38   180.00
           4 H4       1 C1       2 C2       5 H5        120.38   120.38  -180.00
           4 H4       1 C1       2 C2       6 H6        120.38   120.38     0.00
--


            Nuclear Potential Energy             33.40005651 au

--- Stop Module: gateway at Mon May 20 16:32:13 2024 /rc=_RC_ALL_IS_WELL_ ---
*** files: xmldump
    saved to directory /home/kenya/molcas_test/0514

--- Start Module: seward at Mon May 20 16:32:13 2024 ---

()()()()()()()()()()()()()()()()()()()()()()()()()()()()()()()()()()()()()()()()()()()()()()()()()()

                                              &SEWARD

                                   only a single process is used
                       available to each process: 2.0 GB of memory, 1 thread
                                             pid: 10391
()()()()()()()()()()()()()()()()()()()()()()()()()()()()()()()()()()()()()()()()()()()()()()()()()()

               SEWARD will generate:
                  Multipole Moment integrals up to order  2
                  Kinetic Energy integrals
                  Nuclear Attraction integrals (point charge)
                  One-Electron Hamiltonian integrals
                  Velocity integrals
                  Orbital angular momentum around (-8.4274  1.3706  0.0000 )
                  Velocity quadrupole around (-8.4274  1.3706  0.0000 )
                  Two-Electron Repulsion integrals

                   Integrals are discarded if absolute value <: 1.00E-14
                   Integral cutoff threshold is set to       <: 1.00E-16

            Nuclear Potential Energy             33.40005651 au


      Basis set specifications :
      Symmetry species         a  
      Basis functions           38


      Input file to MOLDEN was generated!

--- Stop Module: seward at Mon May 20 16:32:14 2024 /rc=_RC_ALL_IS_WELL_ ---
*** files: ethene.GssOrb ethene.guessorb.molden xmldump
    saved to directory /home/kenya/molcas_test/0514
--- Module seward spent 1 second ---

*** symbolic link created: INPORB -> ethene.GssOrb
--- Start Module: scf at Mon May 20 16:32:14 2024 ---

()()()()()()()()()()()()()()()()()()()()()()()()()()()()()()()()()()()()()()()()()()()()()()()()()()

                                                &SCF

                                   only a single process is used
                       available to each process: 2.0 GB of memory, 1 thread
                                             pid: 10417
()()()()()()()()()()()()()()()()()()()()()()()()()()()()()()()()()()()()()()()()()()()()()()()()()()

++    Input section:
      --------------

      Header of the integral files:
      
       Integrals generated by Gateway/Seward, Mon May 20 16:32:13 2024


      Cartesian coordinates in Angstrom:
      -----------------------------------------------------
      No.  Label        X            Y            Z        
      -----------------------------------------------------
       1   C1        -4.47077000   1.39095000   0.00000000
       2   C2        -4.44839000   0.05958000   0.00000000
       3   H3        -4.99432000   1.93111000  -0.78238000
       4   H4        -3.96567000   1.94840000   0.78238000
       5   H5        -4.95348000  -0.49786000  -0.78238000
       6   H6        -3.92484000  -0.48057000   0.78238000
      -----------------------------------------------------
      Nuclear repulsion energy =   33.40005651
--

++    Orbital specifications:
      -----------------------

      Symmetry species               1
                                     a
      Frozen orbitals                0
      Occupied orbitals              8
      Secondary orbitals            30
      Deleted orbitals               0
      Total number of orbitals      38
      Number of basis functions     38
--

      Molecular charge                           0.000

++    Optimization specifications:
      ----------------------------

      SCF Algorithm: Conventional
      Minimized density differences are used
      Number of density matrices in core                 5
      Maximum number of NDDO SCF iterations            400
      Maximum number of HF SCF iterations              400
      Threshold for SCF energy change             1.00E-09
      Threshold for density matrix                1.00E-04
      Threshold for Fock matrix                   1.50E-04
      Threshold for linear dependence             1.00E-09
      Threshold at which DIIS is turned on        1.50E-01
      Maximum depth in the DIIS procedure                5
      Maximum depth in the BFGS Hessian update          30
      Threshold at which QNR/C2DIIS is turned on  7.50E-02
      Threshold for Norm(delta) (QNR/C2DIIS)      1.00E-03
      All orbitals punched on: SCFORB
--

      Input vectors read from INPORB
      Orbital file label: *Guess orbitals


++ Convergence information
                                   SCF        iterations: Energy and convergence statistics

Iter     Tot. SCF        One-elec.       Two-elec.     Energy      Max Dij or  Max Fij      DNorm      TNorm      AccCon     Time
         Energy          Energy          Energy        Change      Delta Norm                                                in Sec.
   1   -77.871211753  -167.950800596    56.679532334   0.00E+00    1.83E-01*   1.38E-01*    4.01E+00   8.15E+01   None         0.
   2   -78.015559695  -170.821144395    59.405528190  -1.44E-01*   1.19E-01*   6.80E-02*    8.41E-01   8.32E+01   EDIIS        0.
   3   -78.028948980  -169.863984173    58.434978683  -1.34E-02*   1.77E-02*   1.49E-02*    2.75E-01   8.26E+01   c2DIIS       0.
   4   -78.030621400  -170.170824736    58.740146827  -1.67E-03*   6.43E-03*   6.33E-03*    4.16E-02   8.28E+01   QNRc2DIIS    0.
   5   -78.030735020  -170.129899226    58.699107696  -1.14E-04*   2.91E-03*   1.44E-03*    3.52E-03   8.27E+01   QNRc2DIIS    0.
   6   -78.030748841  -170.144638364    58.713833014  -1.38E-05*   2.26E-04    1.68E-04*    7.02E-04   8.28E+01   QNRc2DIIS    0.
   7   -78.030749022  -170.142436549    58.711631018  -1.81E-07*   5.12E-05    2.83E-05     1.43E-04   8.28E+01   QNRc2DIIS    0.
   8   -78.030749027  -170.142439969    58.711634432  -5.69E-09*   5.58E-06    2.50E-06     4.56E-05   8.28E+01   QNRc2DIIS    0.
 DIIS_X: Reduction of the subspace dimension due to numerical imbalance of the values in the B-Matrix
 kOptim=                    5 -> kOptim=                    4
   9   -78.030749027  -170.142446062    58.711640525  -4.60E-11    2.27E-07    1.19E-07     3.92E-06   8.28E+01   QNRc2DIIS    0.

       Convergence after   9 Macro Iterations
--

 *****************************************************************************************************************************
 *                                                                                                                           *
 *                                             SCF/KS-DFT Program, Final results                                             *
 *                                                                                                                           *
 *                                                                                                                           *
 *                                                                                                                           *
 *                                                       Final Results                                                       *
 *                                                                                                                           *
 *****************************************************************************************************************************

::    Total SCF energy                                -78.0307490275
      One-electron energy                            -170.1424460619
      Two-electron energy                              58.7116405252
      Nuclear repulsion energy                         33.4000565093
      Kinetic energy (interpolated)                    77.8841474225
      Virial theorem                                    1.0018823035
      Total spin, S(S+1)                                0.0000000000
      Total spin, S                                     0.0000000000
      Max non-diagonal density matrix element           0.0000002799
      Max non-diagonal Fock matrix element              0.0000000241


      All orbitals with orbital energies smaller than  E(LUMO)+0.5 are printed

++    Molecular orbitals:
      -------------------

      Title: SCF orbitals

      Molecular orbitals for symmetry species 1: a  

          Orbital            1         2         3         4         5         6         7         8         9        10    
          Energy          -11.2281  -11.2264   -1.0285   -0.7837   -0.6414   -0.5759   -0.5047   -0.3709    0.1809    0.2612
          Occ. No.          2.0000    2.0000    2.0000    2.0000    2.0000    2.0000    2.0000    2.0000    0.0000    0.0000

        1 C1     1s         0.7041   -0.7039   -0.1569    0.1200    0.0000    0.0115    0.0000   -0.0000   -0.0000    0.0785
        2 C1     2s         0.0192   -0.0196    0.2971   -0.2328   -0.0000   -0.0279   -0.0000    0.0000    0.0000   -0.0815
        3 C1     *s        -0.0053    0.0111    0.2297   -0.2380   -0.0000    0.0150   -0.0000   -0.0000   -0.0000   -1.4529
        4 C1     2px       -0.0000   -0.0000    0.0018    0.0028    0.1759   -0.0068   -0.1669    0.3123   -0.2856    0.0024
        5 C1     *px        0.0000    0.0000    0.0001    0.0011    0.0710   -0.0026   -0.1085    0.2562   -0.6166    0.0104
        6 C1     2py        0.0001    0.0002   -0.1071   -0.1658    0.0030    0.4073   -0.0028    0.0052   -0.0048   -0.1443
        7 C1     *py       -0.0007   -0.0018   -0.0076   -0.0662    0.0012    0.1569   -0.0018    0.0043   -0.0104   -0.6191
        8 C1     2pz        0.0000   -0.0000   -0.0000   -0.0000    0.2675    0.0000   -0.2538   -0.2054    0.1878   -0.0000
        9 C1     *pz       -0.0000    0.0000   -0.0000   -0.0000    0.1080    0.0000   -0.1651   -0.1684    0.4055   -0.0000
       10 C1     *200      -0.0010    0.0009   -0.0042    0.0001   -0.0001    0.0042    0.0003    0.0004    0.0003    0.0038
       11 C1     *110      -0.0000    0.0000   -0.0005   -0.0000    0.0070    0.0004   -0.0199   -0.0212   -0.0196    0.0002
       12 C1     *101       0.0001   -0.0003    0.0096   -0.0188   -0.0002    0.0151    0.0005   -0.0002   -0.0002    0.0038
       13 C1     *020      -0.0008    0.0006    0.0096    0.0002    0.0001   -0.0071   -0.0003   -0.0004   -0.0003   -0.0023
       14 C1     *011       0.0000   -0.0000    0.0002   -0.0003    0.0107    0.0003   -0.0303    0.0140    0.0129    0.0001
       15 C1     *002      -0.0010    0.0008   -0.0001   -0.0081   -0.0000    0.0107    0.0000   -0.0000    0.0000    0.0055
       16 C2     1s         0.7035    0.7045   -0.1569   -0.1200   -0.0000    0.0115   -0.0000    0.0000    0.0000    0.0785
       17 C2     2s         0.0192    0.0197    0.2971    0.2328    0.0000   -0.0279    0.0000   -0.0000   -0.0000   -0.0815
       18 C2     *s        -0.0052   -0.0111    0.2297    0.2380    0.0000    0.0150    0.0000   -0.0000   -0.0000   -1.4528
       19 C2     2px        0.0000   -0.0000   -0.0018    0.0028    0.1759    0.0068    0.1669    0.3123    0.2856   -0.0024
       20 C2     *px       -0.0000    0.0000   -0.0001    0.0011    0.0710    0.0026    0.1085    0.2562    0.6166   -0.0104
       21 C2     2py       -0.0001    0.0002    0.1071   -0.1658    0.0030   -0.4073    0.0028    0.0053    0.0048    0.1443
       22 C2     *py        0.0007   -0.0018    0.0076   -0.0662    0.0012   -0.1569    0.0018    0.0043    0.0104    0.6191
       23 C2     2pz       -0.0000   -0.0000   -0.0000   -0.0000    0.2675   -0.0000    0.2538   -0.2054   -0.1878   -0.0000
       24 C2     *pz        0.0000    0.0000    0.0000   -0.0000    0.1080   -0.0000    0.1651   -0.1684   -0.4055   -0.0000
       25 C2     *200      -0.0010   -0.0009   -0.0042   -0.0001    0.0001    0.0042    0.0003   -0.0004    0.0003    0.0038
       26 C2     *110      -0.0000   -0.0000   -0.0005    0.0000   -0.0070    0.0004   -0.0199    0.0212   -0.0196    0.0002
       27 C2     *101       0.0001    0.0003    0.0096    0.0188    0.0002    0.0151    0.0005    0.0002   -0.0002    0.0038
       28 C2     *020      -0.0008   -0.0006    0.0096   -0.0002   -0.0001   -0.0071   -0.0003    0.0004   -0.0003   -0.0023
       29 C2     *011       0.0000    0.0000    0.0002    0.0003   -0.0107    0.0003   -0.0303   -0.0140    0.0129    0.0001
       30 C2     *002      -0.0010   -0.0008   -0.0001    0.0081   -0.0000    0.0107   -0.0000    0.0000    0.0000    0.0055
       31 H3     1s        -0.0001    0.0001    0.0826   -0.1460   -0.1575    0.1242    0.1888    0.0000    0.0000    0.0180
       32 H3     *s         0.0014   -0.0015    0.0166   -0.0682   -0.1064    0.1033    0.1533    0.0000    0.0000    1.0088
       33 H4     1s        -0.0001    0.0001    0.0826   -0.1460    0.1574    0.1242   -0.1888   -0.0000   -0.0000    0.0180
       34 H4     *s         0.0014   -0.0015    0.0166   -0.0682    0.1064    0.1033   -0.1533   -0.0000   -0.0000    1.0088
       35 H5     1s        -0.0001   -0.0001    0.0826    0.1460   -0.1575    0.1242   -0.1888   -0.0000    0.0000    0.0180
       36 H5     *s         0.0014    0.0015    0.0166    0.0682   -0.1064    0.1033   -0.1533   -0.0000    0.0000    1.0088
       37 H6     1s        -0.0001   -0.0001    0.0826    0.1460    0.1575    0.1242    0.1888    0.0000    0.0000    0.0180
       38 H6     *s         0.0014    0.0015    0.0166    0.0682    0.1064    0.1033    0.1533    0.0000    0.0000    1.0088

          Orbital           11        12        13        14        15    
          Energy            0.2919    0.3096    0.3901    0.4869    0.6644
          Occ. No.          0.0000    0.0000    0.0000    0.0000    0.0000

        1 C1     1s         0.0000    0.1083   -0.0000    0.0665   -0.0220
        2 C1     2s        -0.0000   -0.1028   -0.0000   -0.0023   -0.1841
        3 C1     *s        -0.0001   -1.9310    0.0000   -3.0478   -0.2000
        4 C1     2px        0.1393    0.0017   -0.1352   -0.0022   -0.0093
        5 C1     *px        0.4489    0.0023   -1.0467   -0.0487    0.0171
        6 C1     2py        0.0023   -0.1015   -0.0023    0.1305    0.5511
        7 C1     *py        0.0075   -0.1351   -0.0176    2.8999   -1.0177
        8 C1     2pz        0.2119   -0.0000   -0.2057   -0.0000    0.0000
        9 C1     *pz        0.6828   -0.0000   -1.5922   -0.0000   -0.0000
       10 C1     *200       0.0002    0.0042    0.0002    0.0008    0.0062
       11 C1     *110      -0.0117    0.0001   -0.0092    0.0001    0.0017
       12 C1     *101       0.0003   -0.0060    0.0002   -0.0195    0.0201
       13 C1     *020      -0.0002    0.0022   -0.0002   -0.0014   -0.0429
       14 C1     *011      -0.0178   -0.0001   -0.0140   -0.0003    0.0003
       15 C1     *002       0.0000    0.0016    0.0000   -0.0077    0.0149
       16 C2     1s        -0.0000   -0.1083    0.0000   -0.0665   -0.0220
       17 C2     2s         0.0000    0.1028   -0.0000    0.0023   -0.1841
       18 C2     *s         0.0000    1.9311   -0.0000    3.0478   -0.2001
       19 C2     2px        0.1393    0.0017    0.1352   -0.0022    0.0093
       20 C2     *px        0.4489    0.0023    1.0467   -0.0487   -0.0171
       21 C2     2py        0.0023   -0.1015    0.0023    0.1305   -0.5511
       22 C2     *py        0.0075   -0.1351    0.0176    2.8999    1.0176
       23 C2     2pz        0.2119   -0.0000    0.2057    0.0000   -0.0000
       24 C2     *pz        0.6828   -0.0000    1.5922    0.0000    0.0000
       25 C2     *200      -0.0002   -0.0042    0.0002   -0.0008    0.0062
       26 C2     *110       0.0117   -0.0001   -0.0092   -0.0001    0.0017
       27 C2     *101      -0.0003    0.0060    0.0002    0.0195    0.0201
       28 C2     *020       0.0002   -0.0022   -0.0002    0.0014   -0.0429
       29 C2     *011       0.0178    0.0001   -0.0140    0.0003    0.0003
       30 C2     *002       0.0000   -0.0016   -0.0000    0.0077    0.0149
       31 H3     1s         0.0375    0.0206    0.0391   -0.0864    0.1108
       32 H3     *s         1.0983    1.0685   -1.6299   -0.5301    0.0355
       33 H4     1s        -0.0375    0.0206   -0.0391   -0.0864    0.1108
       34 H4     *s        -1.0982    1.0686    1.6299   -0.5301    0.0355
       35 H5     1s         0.0375   -0.0206   -0.0391    0.0864    0.1108
       36 H5     *s         1.0982   -1.0686    1.6300    0.5301    0.0355
       37 H6     1s        -0.0375   -0.0206    0.0391    0.0864    0.1108
       38 H6     *s        -1.0983   -1.0685   -1.6299    0.5301    0.0355
--


++    Molecular charges:
      ------------------

      Mulliken charges per centre and basis function type
      ---------------------------------------------------

                C1      C2      H3      H4      H5      H6    
      1s       1.9965  1.9965  0.5243  0.5243  0.5243  0.5243
      2s       0.6608  0.6608  0.0000  0.0000  0.0000  0.0000
      2px      0.5665  0.5665  0.0000  0.0000  0.0000  0.0000
      2pz      0.6483  0.6483  0.0000  0.0000  0.0000  0.0000
      2py      0.7555  0.7555  0.0000  0.0000  0.0000  0.0000
      *s       0.5799  0.5799  0.2984  0.2984  0.2983  0.2984
      *px      0.4509  0.4509  0.0000  0.0000  0.0000  0.0000
      *pz      0.4024  0.4024  0.0000  0.0000  0.0000  0.0000
      *py      0.2328  0.2328  0.0000  0.0000  0.0000  0.0000
      *200    -0.0076 -0.0076  0.0000  0.0000  0.0000  0.0000
      *110     0.0110  0.0110  0.0000  0.0000  0.0000  0.0000
      *101     0.0063  0.0063  0.0000  0.0000  0.0000  0.0000
      *020     0.0232  0.0232  0.0000  0.0000  0.0000  0.0000
      *011     0.0152  0.0152  0.0000  0.0000  0.0000  0.0000
      *002     0.0130  0.0130  0.0000  0.0000  0.0000  0.0000
      Total    6.3548  6.3548  0.8226  0.8226  0.8226  0.8226

      N-E     -0.3548 -0.3548  0.1774  0.1774  0.1774  0.1774

      Total electronic charge=   16.000000

      Total            charge=   -0.000000
--


++    Molecular properties:
      ---------------------

      Charge (e):
                      =   -0.0000
      Dipole Moment (Debye):
      Origin of the operator (Ang)=    0.0000    0.0000    0.0000
                   X=  4.2002E-06               Y= -2.8933E-06               Z= -5.2164E-06           Total=  7.2954E-06
      Quadrupole Moment (Debye*Ang):
      Origin of the operator (Ang)=   -4.4596    0.7253    0.0000
                  XX= -1.4459E+01              XY= -3.8239E-02              XZ=  1.5531E+00              YY= -1.2185E+01
                  YZ=  2.6112E-02              ZZ= -1.3118E+01
      In traceless form (Debye*Ang)
                  XX= -1.8073E+00              XY= -5.7359E-02              XZ=  2.3297E+00              YY=  1.6035E+00
                  YZ=  3.9169E-02              ZZ=  2.0373E-01
--


      Input file to MOLDEN was generated!

 ###############################################################################
 ###############################################################################
 ###                                                                         ###
 ###                                                                         ###
 ###    WARNING: RunFile label nBas                                          ###
 ###    was used       60 times                                              ###
 ###                                                                         ###
 ###                                                                         ###
 ###############################################################################
 ###############################################################################
--- Stop Module: scf at Mon May 20 16:32:15 2024 /rc=_RC_ALL_IS_WELL_ ---
*** files: ethene.scf.molden ethene.ScfOrb xmldump
    saved to directory /home/kenya/molcas_test/0514

*** symbolic link created: INPORB -> ethene.ScfOrb
--- Start Module: slapaf at Mon May 20 16:32:15 2024 ---

()()()()()()()()()()()()()()()()()()()()()()()()()()()()()()()()()()()()()()()()()()()()()()()()()()

                                              &SLAPAF

                                   only a single process is used
                       available to each process: 2.0 GB of memory, 1 thread
                                             pid: 10432
()()()()()()()()()()()()()()()()()()()()()()()()()()()()()()()()()()()()()()()()()()()()()()()()()()

--- Stop Module: slapaf at Mon May 20 16:32:15 2024 /rc=_RC_INVOKED_OTHER_MODULE_ ---
*** files: xmldump
    saved to directory /home/kenya/molcas_test/0514

*** symbolic link created: INPORB -> ethene.ScfOrb
--- Start Module: alaska at Mon May 20 16:32:15 2024 ---

()()()()()()()()()()()()()()()()()()()()()()()()()()()()()()()()()()()()()()()()()()()()()()()()()()

                                              &ALASKA

                                   only a single process is used
                       available to each process: 2.0 GB of memory, 1 thread
                                             pid: 10438
()()()()()()()()()()()()()()()()()()()()()()()()()()()()()()()()()()()()()()()()()()()()()()()()()()


                     Threshold for contributions to the gradient: 1.000E-07


                    ********************************************
                    * Symmetry Adapted Cartesian Displacements *
                    ********************************************


           Irreducible representation : a  
           Basis function(s) of irrep: x, y, xy, Rz, z, xz, Ry, yz, Rx, I                                              

 Basis Label        Type   Center Phase
   1   C1           x         1     1
   2   C1           y         1     1
   3   C1           z         1     1
   4   C2           x         2     1
   5   C2           y         2     1
   6   C2           z         2     1
   7   H3           x         3     1
   8   H3           y         3     1
   9   H3           z         3     1
  10   H4           x         4     1
  11   H4           y         4     1
  12   H4           z         4     1
  13   H5           x         5     1
  14   H5           y         5     1
  15   H5           z         5     1
  16   H6           x         6     1
  17   H6           y         6     1
  18   H6           z         6     1

                     No automatic utilization of translational and rotational invariance of the energy is employed.

 Conventional ERI gradients!

 **************************************************
 *                                                *
 *              Molecular gradients               *
 *                                                *
 **************************************************

  Irreducible representation: a  
 ------------------------------------------------------------------------------------------
                              X                       Y                       Z
 ------------------------------------------------------------------------------------------
  C1               -2.84746265583502E-04    1.69464845139604E-02    4.90700815700662E-08
  C2                2.82661482983282E-04   -1.69536271253579E-02   -2.20386911762302E-06
  H3               -4.83048540076991E-03   -9.85399551163280E-05   -7.34822602935714E-03
  H4                4.83105724604993E-03    6.36041209505223E-05    7.34800486299614E-03
  H5               -4.82750399052101E-03   -5.91851467484084E-05   -7.34384992744608E-03
  H6                4.82901692783644E-03    1.01263592330092E-04    7.34622589284784E-03
 ------------------------------------------------------------------------------------------

--- Stop Module: alaska at Mon May 20 16:32:16 2024 /rc=_RC_ALL_IS_WELL_ ---
*** files: xmldump
    saved to directory /home/kenya/molcas_test/0514

*** symbolic link created: INPORB -> ethene.ScfOrb
--- Start Module: slapaf at Mon May 20 16:32:16 2024 ---

()()()()()()()()()()()()()()()()()()()()()()()()()()()()()()()()()()()()()()()()()()()()()()()()()()

                                              &SLAPAF

                                   only a single process is used
                       available to each process: 2.0 GB of memory, 1 thread
                                             pid: 10448
()()()()()()()()()()()()()()()()()()()()()()()()()()()()()()()()()()()()()()()()()()()()()()()()()()



++       Slapaf input parameters:
         ------------------------

 Maximum number of iterations:              2000
 Convergence test a la Schlegel.
 Convergence criterion on gradient/para.<=: 3.0E-04
 Convergence criterion on step/parameter<=: 3.0E-04
 Convergence criterion on energy change <=: 0.0E+00
 Parameters for step-restricted optimization
 Maximum step length (initial seed):       3.00E-01

 -RFO activated with parameters:
   Maximum number of data points used in RFO:      5
 Line search is performed


 -Optimization for minimum.
  Optimization method: RS-RFO.

 -Initial Hessian guessed by Hessian Model Function (HMF).
  HMF augmented with weak interactions.

 -Hessian update method: Broyden-Fletcher-Goldfarb-Shanno
  Maximum number of points in Hessian update:  5

 -Relaxation will be done on non-redundant internal coordinates, based on
  force constant weighted redundant internal coordinates.

--

 ******************************************
 * Statistics of the internal coordinates *
 ******************************************
 Translations and Rotations:         0
 Bonds                     :         5
 Angles                    :         6
 Torsions                  :         4
 Out-of-plane angles       :         4


**********************************************************************************************************************
*                                    Energy Statistics for Geometry Optimization                                     *
**********************************************************************************************************************
                       Energy     Grad      Grad              Step                 Estimated   Geom       Hessian     
Iter      Energy       Change     Norm      Max    Element    Max     Element     Final Energy Update Update   Index  
  1    -78.03074903  0.00000000 0.029732 -0.021858 nrc005   0.061434  nrc008      -78.03154908 RS-RFO  None      0    

       +----------------------------------+----------------------------------+
       +    Cartesian Displacements       +    Gradient in internals         +
       +  Value      Threshold Converged? +  Value      Threshold Converged? +
 +-----+----------------------------------+----------------------------------+
 + RMS + 3.3631E-02  1.2000E-03     No    + 1.0512E-02  3.0000E-04     No    +
 +-----+----------------------------------+----------------------------------+
 + Max + 4.0516E-02  1.8000E-03     No    + 2.1858E-02  4.5000E-04     No    +
 +-----+----------------------------------+----------------------------------+

 Convergence not reached yet!

*****************************************************************************************************************
*****************************************************************************************************************

++ Geometry section

********************************************************************************
  Geometrical information of the new structure
********************************************************************************


 *********************************************************
 * Nuclear coordinates for the next iteration / Bohr     *
 *********************************************************
  ATOM              X               Y               Z     
  C1              -8.448349        2.618010       -0.000003
  C2              -8.406400        0.123101       -0.000008
  H3              -9.418672        3.668999       -1.448775
  H4              -7.513914        3.701018        1.448781
  H5              -9.340887       -0.959899       -1.448756
  H6              -7.436068       -0.927879        1.448761


 *********************************************************
 * Nuclear coordinates for the next iteration / Angstrom *
 *********************************************************
  ATOM              X               Y               Z     
  C1              -4.470674        1.385391       -0.000001
  C2              -4.448475        0.065142       -0.000004
  H3              -4.984146        1.941551       -0.766659
  H4              -3.976192        1.958494        0.766662
  H5              -4.942984       -0.507956       -0.766649
  H6              -3.934998       -0.491012        0.766651


                    *************************************** 
                    *    InterNuclear Distances / Bohr    * 
                    *************************************** 

               1 C1            2 C2            3 H3            4 H4            5 H5    
    1 C1       0.000000
    2 C2       2.495262        0.000000
    3 H3       2.035939        3.961945        0.000000
    4 H4       2.035938        3.961944        3.467702        0.000000
    5 H5       3.961937        2.035934        4.629551        5.784262        0.000000
    6 H6       3.961938        2.035936        5.784264        4.629551        3.467703

               6 H6    
    6 H6       0.000000

                    ******************************************* 
                    *    InterNuclear Distances / Angstrom    * 
                    ******************************************* 

               1 C1            2 C2            3 H3            4 H4            5 H5    
    1 C1       0.000000
    2 C2       1.320436        0.000000
    3 H3       1.077372        2.096571        0.000000
    4 H4       1.077372        2.096571        1.835029        0.000000
    5 H5       2.096567        1.077370        2.449853        3.060900        0.000000
    6 H6       2.096568        1.077371        3.060901        2.449853        1.835030

               6 H6    
    6 H6       0.000000

                    ************************************** 
                    *    Valence Bond Angles / Degree    * 
                    ************************************** 
                          Atom centers                 Phi
                      2 C2       1 C1       3 H3       121.61
                      2 C2       1 C1       4 H4       121.61
                      3 H3       1 C1       4 H4       116.78
                      1 C1       2 C2       5 H5       121.61
                      1 C1       2 C2       6 H6       121.61
                      5 H5       2 C2       6 H6       116.78

           ***************************************************************
           *              Valence Dihedral Angles / Degree               *
           ***************************************************************
                    Atom centers                       Phi1     Phi2     Theta 
           3 H3       1 C1       2 C2       5 H5        121.61   121.61    -0.00
           3 H3       1 C1       2 C2       6 H6        121.61   121.61   180.00
           4 H4       1 C1       2 C2       5 H5        121.61   121.61   180.00
           4 H4       1 C1       2 C2       6 H6        121.61   121.61    -0.00
--
--- Stop Module: slapaf at Mon May 20 16:32:16 2024 /rc=_RC_CONTINUE_LOOP_ ---
*** files: ethene.geo.molden ethene.structure ethene.Opt.xyz xmldump
    saved to directory /home/kenya/molcas_test/0514

>>> END DO

*** symbolic link created: INPORB -> ethene.ScfOrb
--- Start Module: seward at Mon May 20 16:32:16 2024 ---
--- Stop Module: seward at Mon May 20 16:32:17 2024 /rc=_RC_ALL_IS_WELL_ ---
*** files: xmldump
    saved to directory /home/kenya/molcas_test/0514

*** symbolic link created: INPORB -> ethene.ScfOrb
--- Start Module: scf at Mon May 20 16:32:17 2024 ---
--- Stop Module: scf at Mon May 20 16:32:18 2024 /rc=_RC_ALL_IS_WELL_ ---
*** files: ethene.scf.molden ethene.ScfOrb xmldump
    saved to directory /home/kenya/molcas_test/0514

*** symbolic link created: INPORB -> ethene.ScfOrb
--- Start Module: slapaf at Mon May 20 16:32:18 2024 ---
--- Stop Module: slapaf at Mon May 20 16:32:18 2024 /rc=_RC_INVOKED_OTHER_MODULE_ ---
*** files: xmldump
    saved to directory /home/kenya/molcas_test/0514

*** symbolic link created: INPORB -> ethene.ScfOrb
--- Start Module: alaska at Mon May 20 16:32:18 2024 ---
--- Stop Module: alaska at Mon May 20 16:32:18 2024 /rc=_RC_ALL_IS_WELL_ ---
*** files: xmldump
    saved to directory /home/kenya/molcas_test/0514

*** symbolic link created: INPORB -> ethene.ScfOrb
--- Start Module: slapaf at Mon May 20 16:32:18 2024 ---

**********************************************************************************************************************
*                                    Energy Statistics for Geometry Optimization                                     *
**********************************************************************************************************************
                       Energy     Grad      Grad              Step                 Estimated   Geom       Hessian     
Iter      Energy       Change     Norm      Max    Element    Max     Element     Final Energy Update Update   Index  
  1    -78.03074903  0.00000000 0.029732 -0.021858 nrc005   0.061434  nrc008      -78.03154908 RS-RFO  None      0    
  2    -78.03168855 -0.00093952 0.006603 -0.004039 nrc005  -0.009418  nrc005      -78.03171802 RS-RFO  BFGS      0    

       +----------------------------------+----------------------------------+
       +    Cartesian Displacements       +    Gradient in internals         +
       +  Value      Threshold Converged? +  Value      Threshold Converged? +
 +-----+----------------------------------+----------------------------------+
 + RMS + 5.4961E-03  1.2000E-03     No    + 2.9528E-03  3.0000E-04     No    +
 +-----+----------------------------------+----------------------------------+
 + Max + 6.3388E-03  1.8000E-03     No    + 4.0388E-03  4.5000E-04     No    +
 +-----+----------------------------------+----------------------------------+

 Convergence not reached yet!

*****************************************************************************************************************
*****************************************************************************************************************

++ Geometry section

********************************************************************************
  Geometrical information of the new structure
********************************************************************************


 *********************************************************
 * Nuclear coordinates for the next iteration / Bohr     *
 *********************************************************
  ATOM              X               Y               Z     
  C1              -8.448329        2.614806        0.000021
  C2              -8.406522        0.126308        0.000037
  H3              -9.415445        3.670686       -1.443589
  H4              -7.517153        3.702597        1.443566
  H5              -9.337337       -0.961475       -1.443747
  H6              -7.439503       -0.929572        1.443711


 *********************************************************
 * Nuclear coordinates for the next iteration / Angstrom *
 *********************************************************
  ATOM              X               Y               Z     
  C1              -4.470663        1.383696        0.000011
  C2              -4.448540        0.066839        0.000020
  H3              -4.982439        1.942444       -0.763914
  H4              -3.977906        1.959330        0.763902
  H5              -4.941106       -0.508791       -0.763998
  H6              -3.936816       -0.491908        0.763979

--
--- Stop Module: slapaf at Mon May 20 16:32:19 2024 /rc=_RC_CONTINUE_LOOP_ ---
*** files: ethene.geo.molden ethene.structure ethene.Opt.xyz xmldump
    saved to directory /home/kenya/molcas_test/0514

>>> END DO

*** symbolic link created: INPORB -> ethene.ScfOrb
--- Start Module: seward at Mon May 20 16:32:19 2024 ---
--- Stop Module: seward at Mon May 20 16:32:19 2024 /rc=_RC_ALL_IS_WELL_ ---
*** files: xmldump
    saved to directory /home/kenya/molcas_test/0514

*** symbolic link created: INPORB -> ethene.ScfOrb
--- Start Module: scf at Mon May 20 16:32:19 2024 ---
--- Stop Module: scf at Mon May 20 16:32:20 2024 /rc=_RC_ALL_IS_WELL_ ---
*** files: ethene.scf.molden ethene.ScfOrb xmldump
    saved to directory /home/kenya/molcas_test/0514

*** symbolic link created: INPORB -> ethene.ScfOrb
--- Start Module: slapaf at Mon May 20 16:32:20 2024 ---
--- Stop Module: slapaf at Mon May 20 16:32:20 2024 /rc=_RC_INVOKED_OTHER_MODULE_ ---
*** files: xmldump
    saved to directory /home/kenya/molcas_test/0514

*** symbolic link created: INPORB -> ethene.ScfOrb
--- Start Module: alaska at Mon May 20 16:32:20 2024 ---
--- Stop Module: alaska at Mon May 20 16:32:20 2024 /rc=_RC_ALL_IS_WELL_ ---
*** files: xmldump
    saved to directory /home/kenya/molcas_test/0514

*** symbolic link created: INPORB -> ethene.ScfOrb
--- Start Module: slapaf at Mon May 20 16:32:20 2024 ---

**********************************************************************************************************************
*                                    Energy Statistics for Geometry Optimization                                     *
**********************************************************************************************************************
                       Energy     Grad      Grad              Step                 Estimated   Geom       Hessian     
Iter      Energy       Change     Norm      Max    Element    Max     Element     Final Energy Update Update   Index  
  1    -78.03074903  0.00000000 0.029732 -0.021858 nrc005   0.061434  nrc008      -78.03154908 RS-RFO  None      0    
  2    -78.03168855 -0.00093952 0.006603 -0.004039 nrc005  -0.009418  nrc005      -78.03171802 RS-RFO  BFGS      0    
  3    -78.03171813 -0.00002958 0.000223  0.000143 nrc001  -0.001940  nrc012      -78.03171816 RS-RFO  BFGS      0    

       +----------------------------------+----------------------------------+
       +    Cartesian Displacements       +    Gradient in internals         +
       +  Value      Threshold Converged? +  Value      Threshold Converged? +
 +-----+----------------------------------+----------------------------------+
 + RMS + 7.2985E-04  1.2000E-03     Yes   + 9.1070E-05  3.0000E-04     Yes   +
 +-----+----------------------------------+----------------------------------+
 + Max + 1.0086E-03  1.8000E-03     Yes   + 1.4299E-04  4.5000E-04     Yes   +
 +-----+----------------------------------+----------------------------------+

 Geometry is converged in   3 iterations to a Minimum Structure

*****************************************************************************************************************
*****************************************************************************************************************

++ Geometry section

********************************************************************************
  Geometrical information of the final structure
********************************************************************************

  NOTE: on convergence the final predicted structure will be printed here.
  This is not identical to the structure printed in the head of the output.

 *********************************************************
 * Nuclear coordinates of the final structure / Bohr     *
 *********************************************************
  ATOM              X               Y               Z     
  C1              -8.448156        2.614716       -0.000092
  C2              -8.406242        0.126407       -0.000148
  H3              -9.414893        3.670534       -1.444063
  H4              -7.517897        3.702423        1.444170
  H5              -9.338219       -0.961329       -1.443281
  H6              -7.438882       -0.929400        1.443413


 *********************************************************
 * Nuclear coordinates of the final structure / Angstrom *
 *********************************************************
  ATOM              X               Y               Z     
  C1              -4.470572        1.383648       -0.000049
  C2              -4.448392        0.066891       -0.000078
  H3              -4.982147        1.942363       -0.764165
  H4              -3.978300        1.959238        0.764222
  H5              -4.941573       -0.508713       -0.763751
  H6              -3.936487       -0.491817        0.763821


                    *************************************** 
                    *    InterNuclear Distances / Bohr    * 
                    *************************************** 

               1 C1            2 C2            3 H3            4 H4            5 H5    
    1 C1       0.000000
    2 C2       2.488663        0.000000
    3 H3       2.033318        3.957665        0.000000
    4 H4       2.033318        3.957665        3.455648        0.000000
    5 H5       3.957664        2.033318        4.632498        5.779406        0.000000
    6 H6       3.957664        2.033318        5.779406        4.632498        3.455648

               6 H6    
    6 H6       0.000000

                    ******************************************* 
                    *    InterNuclear Distances / Angstrom    * 
                    ******************************************* 

               1 C1            2 C2            3 H3            4 H4            5 H5    
    1 C1       0.000000
    2 C2       1.316944        0.000000
    3 H3       1.075986        2.094306        0.000000
    4 H4       1.075986        2.094306        1.828650        0.000000
    5 H5       2.094306        1.075986        2.451412        3.058330        0.000000
    6 H6       2.094306        1.075986        3.058330        2.451412        1.828650

               6 H6    
    6 H6       0.000000

                    ************************************** 
                    *    Valence Bond Angles / Degree    * 
                    ************************************** 
                          Atom centers                 Phi
                      2 C2       1 C1       3 H3       121.81
                      2 C2       1 C1       4 H4       121.81
                      3 H3       1 C1       4 H4       116.37
                      1 C1       2 C2       5 H5       121.81
                      1 C1       2 C2       6 H6       121.81
                      5 H5       2 C2       6 H6       116.37

           ***************************************************************
           *              Valence Dihedral Angles / Degree               *
           ***************************************************************
                    Atom centers                       Phi1     Phi2     Theta 
           3 H3       1 C1       2 C2       5 H5        121.81   121.81    -0.05
           3 H3       1 C1       2 C2       6 H6        121.81   121.81   179.98
           4 H4       1 C1       2 C2       5 H5        121.81   121.81   179.93
           4 H4       1 C1       2 C2       6 H6        121.81   121.81    -0.04
--
--- Stop Module: slapaf at Mon May 20 16:32:20 2024 /rc=_RC_INVOKED_OTHER_MODULE_ ---
*** files: ethene.geo.molden ethene.structure ethene.Opt.xyz xmldump
    saved to directory /home/kenya/molcas_test/0514

*** symbolic link created: INPORB -> ethene.ScfOrb
--- Start Module: last_energy at Mon May 20 16:32:20 2024 ---

()()()()()()()()()()()()()()()()()()()()()()()()()()()()()()()()()()()()()()()()()()()()()()()()()()

                                            &LAST_ENERGY

                                   only a single process is used
                       available to each process: 2.0 GB of memory, 1 thread
                                             pid: 10532
()()()()()()()()()()()()()()()()()()()()()()()()()()()()()()()()()()()()()()()()()()()()()()()()()()


    Geometry read from RUNFILE

               SEWARD will generate:
                  Multipole Moment integrals up to order  2
                  Kinetic Energy integrals
                  Nuclear Attraction integrals (point charge)
                  One-Electron Hamiltonian integrals
                  Velocity integrals
                  Orbital angular momentum around (-8.4274  1.3706  0.0000 )
                  Velocity quadrupole around (-8.4272  1.3706 -0.0001 )
                  Two-Electron Repulsion integrals

                   Integrals are discarded if absolute value <: 1.00E-14
                   Integral cutoff threshold is set to       <: 1.00E-16

            Nuclear Potential Energy             33.68970127 au


      Basis set specifications :
      Symmetry species         a  
      Basis functions           38

++    Input section:
      --------------

      Header of the integral files:
      
       Integrals generated by Gateway/Seward, Mon May 20 16:32:21 2024


      Cartesian coordinates in Angstrom:
      -----------------------------------------------------
      No.  Label        X            Y            Z        
      -----------------------------------------------------
       1   C1        -4.47057158   1.38364826  -0.00004891
       2   C2        -4.44839185   0.06689144  -0.00007820
       3   H3        -4.98214687   1.94236309  -0.76416518
       4   H4        -3.97829989   1.95923809   0.76422206
       5   H5        -4.94157286  -0.50871341  -0.76375124
       6   H6        -3.93648695  -0.49181748   0.76382147
      -----------------------------------------------------
      Nuclear repulsion energy =   33.68970127
--

++    Orbital specifications:
      -----------------------

      Symmetry species               1
                                     a
      Frozen orbitals                0
      Occupied orbitals              8
      Secondary orbitals            30
      Deleted orbitals               0
      Total number of orbitals      38
      Number of basis functions     38
--

      Molecular charge                           0.000

++    Optimization specifications:
      ----------------------------

      SCF Algorithm: Conventional
      Minimized density differences are used
      Number of density matrices in core                 5
      Maximum number of NDDO SCF iterations            400
      Maximum number of HF SCF iterations              400
      Threshold for SCF energy change             1.00E-09
      Threshold for density matrix                1.00E-04
      Threshold for Fock matrix                   1.50E-04
      Threshold for linear dependence             1.00E-09
      Threshold at which DIIS is turned on        1.50E-01
      Maximum depth in the DIIS procedure                5
      Maximum depth in the BFGS Hessian update          30
      Threshold at which QNR/C2DIIS is turned on  7.50E-02
      Threshold for Norm(delta) (QNR/C2DIIS)      1.00E-03
      All orbitals punched on: SCFORB
--

      Detected old SCF orbitals                                                       


++ Convergence information
                                   SCF        iterations: Energy and convergence statistics

Iter     Tot. SCF        One-elec.       Two-elec.     Energy      Max Dij or  Max Fij      DNorm      TNorm      AccCon     Time
         Energy          Energy          Energy        Change      Delta Norm                                                in Sec.
   1   -78.031718032  -170.696525929    58.975106630   0.00E+00    1.35E-04*   8.34E-05     4.07E+00   8.33E+01   None         0.
   2   -78.031718088  -170.696690956    58.975271601  -5.64E-08*   6.41E-05    2.64E-05     4.51E-04   8.33E+01   EDIIS        0.
   3   -78.031718094  -170.696596262    58.975176902  -5.74E-09*   1.20E-05    1.74E-05     9.02E-05   8.33E+01   c2DIIS       0.
   4   -78.031718095  -170.696641862    58.975222500  -9.77E-10    3.65E-06    2.03E-06     3.09E-05   8.33E+01   QNRc2DIIS    0.

       Convergence after   4 Macro Iterations
--

 *****************************************************************************************************************************
 *                                                                                                                           *
 *                                             SCF/KS-DFT Program, Final results                                             *
 *                                                                                                                           *
 *                                                                                                                           *
 *                                                                                                                           *
 *                                                       Final Results                                                       *
 *                                                                                                                           *
 *****************************************************************************************************************************

::    Total SCF energy                                -78.0317180949
      One-electron energy                            -170.6966418621
      Two-electron energy                              58.9752225005
      Nuclear repulsion energy                         33.6897012667
      Kinetic energy (interpolated)                    77.9826933285
      Virial theorem                                    1.0006286621
      Total spin, S(S+1)                                0.0000000000
      Total spin, S                                     0.0000000000
      Max non-diagonal density matrix element           0.0000049282
      Max non-diagonal Fock matrix element              0.0000000000


      All orbitals with orbital energies smaller than  E(LUMO)+0.5 are printed

++    Molecular orbitals:
      -------------------

      Title: SCF orbitals

      Molecular orbitals for symmetry species 1: a  

          Orbital            1         2         3         4         5         6         7         8         9        10    
          Energy          -11.2243  -11.2225   -1.0332   -0.7896   -0.6407   -0.5865   -0.5020   -0.3744    0.1839    0.2668
          Occ. No.          2.0000    2.0000    2.0000    2.0000    2.0000    2.0000    2.0000    2.0000    0.0000    0.0000

        1 C1     1s         0.7037   -0.7042   -0.1580    0.1195   -0.0000    0.0123    0.0000   -0.0000    0.0000    0.0777
        2 C1     2s         0.0193   -0.0198    0.2984   -0.2313    0.0000   -0.0283   -0.0000    0.0000   -0.0000   -0.0797
        3 C1     *s        -0.0053    0.0112    0.2284   -0.2324   -0.0000    0.0153    0.0000    0.0000   -0.0000   -1.5046
        4 C1     2px       -0.0000   -0.0000    0.0018    0.0028    0.1770   -0.0069   -0.1669    0.3138   -0.2842    0.0025
        5 C1     *px        0.0000    0.0000    0.0001    0.0011    0.0704   -0.0026   -0.1079    0.2538   -0.6250    0.0110
        6 C1     2py        0.0001    0.0002   -0.1076   -0.1685    0.0030    0.4082   -0.0028    0.0054   -0.0048   -0.1450
        7 C1     *py       -0.0007   -0.0017   -0.0063   -0.0672    0.0012    0.1528   -0.0018    0.0043   -0.0107   -0.6534
        8 C1     2pz        0.0000    0.0000    0.0000   -0.0000    0.2694    0.0000   -0.2543   -0.2060    0.1867   -0.0000
        9 C1     *pz       -0.0000    0.0000    0.0000   -0.0000    0.1072    0.0000   -0.1644   -0.1666    0.4105   -0.0000
       10 C1     *200      -0.0011    0.0009   -0.0044    0.0003   -0.0001    0.0041    0.0003    0.0004    0.0003    0.0038
       11 C1     *110      -0.0000    0.0000   -0.0005    0.0000    0.0071    0.0004   -0.0205   -0.0213   -0.0201    0.0002
       12 C1     *101       0.0001   -0.0003    0.0093   -0.0184   -0.0002    0.0148    0.0005   -0.0002   -0.0002    0.0033
       13 C1     *020      -0.0008    0.0006    0.0099   -0.0007    0.0001   -0.0065   -0.0003   -0.0004   -0.0003   -0.0023
       14 C1     *011       0.0000   -0.0000    0.0002   -0.0003    0.0108    0.0002   -0.0312    0.0141    0.0132    0.0001
       15 C1     *002      -0.0010    0.0008   -0.0004   -0.0077    0.0000    0.0105   -0.0000    0.0000    0.0000    0.0052
       16 C2     1s         0.7037    0.7042   -0.1580   -0.1195    0.0000    0.0123   -0.0000   -0.0000   -0.0000    0.0777
       17 C2     2s         0.0193    0.0198    0.2984    0.2313   -0.0000   -0.0283    0.0000    0.0000    0.0001   -0.0797
       18 C2     *s        -0.0053   -0.0112    0.2284    0.2324   -0.0000    0.0153    0.0000    0.0001    0.0002   -1.5046
       19 C2     2px        0.0000   -0.0000   -0.0018    0.0028    0.1771    0.0068    0.1673    0.3135    0.2840   -0.0024
       20 C2     *px       -0.0000    0.0000   -0.0001    0.0011    0.0705    0.0026    0.1082    0.2536    0.6245   -0.0108
       21 C2     2py       -0.0001    0.0002    0.1076   -0.1685    0.0030   -0.4082    0.0028    0.0052    0.0047    0.1450
       22 C2     *py        0.0007   -0.0017    0.0063   -0.0672    0.0012   -0.1528    0.0018    0.0042    0.0103    0.6534
       23 C2     2pz        0.0000    0.0000    0.0000    0.0000    0.2693    0.0000    0.2540   -0.2065   -0.1870   -0.0000
       24 C2     *pz       -0.0000   -0.0000    0.0000    0.0000    0.1071    0.0000    0.1642   -0.1670   -0.4112   -0.0001
       25 C2     *200      -0.0011   -0.0009   -0.0044   -0.0003    0.0001    0.0041    0.0003   -0.0004    0.0003    0.0038
       26 C2     *110      -0.0000   -0.0000   -0.0005   -0.0000   -0.0071    0.0004   -0.0205    0.0214   -0.0201    0.0002
       27 C2     *101       0.0001    0.0003    0.0093    0.0185    0.0002    0.0148    0.0005    0.0002   -0.0002    0.0033
       28 C2     *020      -0.0008   -0.0006    0.0099    0.0007   -0.0001   -0.0065   -0.0003    0.0004   -0.0003   -0.0023
       29 C2     *011       0.0000    0.0000    0.0002    0.0003   -0.0108    0.0002   -0.0312   -0.0140    0.0132    0.0001
       30 C2     *002      -0.0010   -0.0008   -0.0004    0.0077    0.0000    0.0105    0.0000    0.0000   -0.0000    0.0052
       31 H3     1s        -0.0001    0.0001    0.0828   -0.1470   -0.1575    0.1253    0.1896   -0.0001   -0.0001    0.0125
       32 H3     *s         0.0015   -0.0015    0.0157   -0.0667   -0.1072    0.1005    0.1557   -0.0001   -0.0003    1.0432
       33 H4     1s        -0.0001    0.0001    0.0828   -0.1470    0.1575    0.1253   -0.1896    0.0001    0.0001    0.0125
       34 H4     *s         0.0015   -0.0015    0.0157   -0.0667    0.1072    0.1005   -0.1557    0.0002    0.0005    1.0432
       35 H5     1s        -0.0001   -0.0001    0.0828    0.1470   -0.1575    0.1253   -0.1896    0.0001   -0.0001    0.0125
       36 H5     *s         0.0015    0.0015    0.0157    0.0667   -0.1072    0.1005   -0.1557    0.0002   -0.0006    1.0432
       37 H6     1s        -0.0001   -0.0001    0.0828    0.1470    0.1575    0.1253    0.1896   -0.0001    0.0000    0.0125
       38 H6     *s         0.0015    0.0015    0.0157    0.0667    0.1072    0.1005    0.1557   -0.0001    0.0002    1.0432

          Orbital           11        12        13        14        15    
          Energy            0.2931    0.3111    0.3930    0.4957    0.6619
          Occ. No.          0.0000    0.0000    0.0000    0.0000    0.0000

        1 C1     1s         0.0000    0.1078    0.0000    0.0660   -0.0224
        2 C1     2s        -0.0000   -0.1006   -0.0000    0.0003   -0.2156
        3 C1     *s        -0.0000   -1.9609   -0.0000   -3.2107   -0.1935
        4 C1     2px        0.1389    0.0018   -0.1352   -0.0021   -0.0092
        5 C1     *px        0.4406    0.0029   -1.0525   -0.0516    0.0175
        6 C1     2py        0.0023   -0.1011   -0.0023    0.1263    0.5464
        7 C1     *py        0.0074   -0.1581   -0.0177    3.0561   -1.0382
        8 C1     2pz        0.2117   -0.0000   -0.2058    0.0000    0.0000
        9 C1     *pz        0.6719   -0.0002   -1.6017    0.0002   -0.0000
       10 C1     *200       0.0002    0.0044    0.0002    0.0008    0.0049
       11 C1     *110      -0.0125    0.0001   -0.0097    0.0001    0.0016
       12 C1     *101       0.0003   -0.0066    0.0003   -0.0188    0.0174
       13 C1     *020      -0.0002    0.0023   -0.0002   -0.0015   -0.0436
       14 C1     *011      -0.0190   -0.0001   -0.0147   -0.0003    0.0003
       15 C1     *002      -0.0000    0.0015   -0.0000   -0.0073    0.0124
       16 C2     1s        -0.0000   -0.1078   -0.0000   -0.0660   -0.0224
       17 C2     2s         0.0000    0.1006   -0.0000   -0.0003   -0.2156
       18 C2     *s        -0.0000    1.9609    0.0000    3.2107   -0.1935
       19 C2     2px        0.1392    0.0016    0.1354   -0.0021    0.0092
       20 C2     *px        0.4421    0.0023    1.0531   -0.0513   -0.0174
       21 C2     2py        0.0023   -0.1011    0.0023    0.1263   -0.5464
       22 C2     *py        0.0074   -0.1581    0.0177    3.0561    1.0382
       23 C2     2pz        0.2114    0.0000    0.2057   -0.0000   -0.0000
       24 C2     *pz        0.6709    0.0002    1.6013   -0.0001   -0.0000
       25 C2     *200      -0.0002   -0.0044    0.0002   -0.0008    0.0049
       26 C2     *110       0.0125   -0.0001   -0.0097   -0.0001    0.0016
       27 C2     *101      -0.0003    0.0066    0.0002    0.0188    0.0174
       28 C2     *020       0.0002   -0.0023   -0.0002    0.0015   -0.0436
       29 C2     *011       0.0190    0.0001   -0.0147    0.0003    0.0003
       30 C2     *002      -0.0000   -0.0015    0.0000    0.0073    0.0124
       31 H3     1s         0.0411    0.0151    0.0411   -0.0806    0.0956
       32 H3     *s         1.1001    1.0851   -1.6462   -0.5948    0.0613
       33 H4     1s        -0.0411    0.0151   -0.0411   -0.0806    0.0956
       34 H4     *s        -1.1001    1.0851    1.6462   -0.5948    0.0613
       35 H5     1s         0.0411   -0.0151   -0.0411    0.0806    0.0956
       36 H5     *s         1.1001   -1.0851    1.6462    0.5948    0.0613
       37 H6     1s        -0.0411   -0.0151    0.0411    0.0806    0.0956
       38 H6     *s        -1.1001   -1.0851   -1.6462    0.5948    0.0613
--


++    Molecular charges:
      ------------------

      Mulliken charges per centre and basis function type
      ---------------------------------------------------

                C1      C2      H3      H4      H5      H6    
      1s       1.9965  1.9965  0.5286  0.5286  0.5286  0.5286
      2s       0.6624  0.6624  0.0000  0.0000  0.0000  0.0000
      2px      0.5708  0.5709  0.0000  0.0000  0.0000  0.0000
      2pz      0.6528  0.6527  0.0000  0.0000  0.0000  0.0000
      2py      0.7634  0.7634  0.0000  0.0000  0.0000  0.0000
      *s       0.5716  0.5716  0.2950  0.2950  0.2950  0.2950
      *px      0.4465  0.4465  0.0000  0.0000  0.0000  0.0000
      *pz      0.3979  0.3980  0.0000  0.0000  0.0000  0.0000
      *py      0.2289  0.2289  0.0000  0.0000  0.0000  0.0000
      *200    -0.0083 -0.0082  0.0000  0.0000  0.0000  0.0000
      *110     0.0115  0.0115  0.0000  0.0000  0.0000  0.0000
      *101     0.0061  0.0061  0.0000  0.0000  0.0000  0.0000
      *020     0.0248  0.0248  0.0000  0.0000  0.0000  0.0000
      *011     0.0161  0.0161  0.0000  0.0000  0.0000  0.0000
      *002     0.0117  0.0116  0.0000  0.0000  0.0000  0.0000
      Total    6.3527  6.3527  0.8236  0.8236  0.8236  0.8236

      N-E     -0.3527 -0.3527  0.1764  0.1764  0.1764  0.1764

      Total electronic charge=   16.000000

      Total            charge=   -0.000000
--


++    Molecular properties:
      ---------------------

      Charge (e):
                      =   -0.0000
      Dipole Moment (Debye):
      Origin of the operator (Ang)=    0.0000    0.0000    0.0000
                   X= -4.1737E-04               Y= -6.8338E-06               Z=  2.7448E-04           Total=  4.9958E-04
      Quadrupole Moment (Debye*Ang):
      Origin of the operator (Ang)=   -4.4595    0.7253   -0.0000
                  XX= -1.4428E+01              XY= -4.1043E-02              XZ=  1.4399E+00              YY= -1.1983E+01
                  YZ=  2.4162E-02              ZZ= -1.3185E+01
      In traceless form (Debye*Ang)
                  XX= -1.8438E+00              XY= -6.1564E-02              XZ=  2.1599E+00              YY=  1.8233E+00
                  YZ=  3.6243E-02              ZZ=  2.0466E-02
--


      Input file to MOLDEN was generated!

 ###############################################################################
 ###############################################################################
 ###                                                                         ###
 ###                                                                         ###
 ###    WARNING: RunFile label nBas                                          ###
 ###    was used       63 times                                              ###
 ###                                                                         ###
 ###                                                                         ###
 ###############################################################################
 ###############################################################################
--- Stop Module: last_energy at Mon May 20 16:32:22 2024 /rc=_RC_ALL_IS_WELL_ ---
*** files: ethene.scf.molden ethene.ScfOrb xmldump
    saved to directory /home/kenya/molcas_test/0514
--- Module last_energy spent 1 second ---

>>> END DO

.##################.
.# Happy landing! #.
.##################.

    Timing: Wall=9.10 User=7.62 System=1.16
