   This run of MOLCAS is using the pymolcas driver

                             OPE
                             OPE          NMOL  CASOP  ENMOLC A   SO
                 OPE        NMOLC        AS  OP EN  MO LC     AS  OP
                OPENM       OL CA        SO  PE NM  OL CA     SOP EN
                OP EN      MO   LC       AS  OP ENMOL  CASO   PENMOL
                OP  EN     MO   LC       AS  OP EN     MO     LC ASO
               OP   E  NMOL  C  AS       OP  EN MO     LC     AS  OP
               OP  E   NMO   LC AS        OPEN  MO     LCASOP EN   M
               O  PEN   MO  LCA  SO
            OPE   NMO   L   CAS    OP
        OPENMOL  CASOP     ENMOL   CASOPE
     OPENMOLCA   SOPENMOLCASOPEN   MOLCASOPE
    OPENMOLCAS   OP           EN   MOL    CAS
    OPENMOLCAS       OP  ENM        O     LCA
    OPENMOLCAS    OPEN  MOLCASO     P  E  NMO
    OPENMOLCAS     OP               E  N  MOL
    OPENMOLCA   SO           PENM   O  L  CAS    OPEN    MO    LCAS
    OPENMOLCA   SOP           ENM   O  L  CAS   OP  EN  MOLC  AS   O
    OPENMOLCA   SOPE           NM      O  LCA   S      OP  EN MO
    OPENMOLC                AS         O  PEN   M      OL  CA  SOPE
    OPENMO        LCASOPE  NMOL        C  ASO   P      ENMOLC     AS
    OPE     NMO      LCA  SO     P     E   NM   OL  CA SO  PE N   MO
          OPENMOLCA            SOPE   NMO        LCAS  O    P  ENMO
     OPENMOLCASOPENMOLCASOPENMOLCASOPENMOLCA
        OPENMOLCASOPENMOLCASOPENMOLCASOPE
            OPENMOLCASOPENMOLCASOPENM
               OPENMOLCASOPENMOLCA        version: 24.02
                   OPENMOLCASO
                       OPE                tag: 428-g03afa2e9a

 OpenMolcas is free software; you can redistribute it and/or modify it
 under the terms of the GNU Lesser General Public License version 2.1.
 OpenMolcas is distributed in the hope that it will be useful, but it
 is provided "as is" and without any express or implied warranties.
 For more details see the full text of the license in the file
 LICENSE or in <http://www.gnu.org/licenses/>.

                 Copyright (C) The OpenMolcas Authors
           For the author list and the recommended citation,
                   consult the file CONTRIBUTORS.md

           *************************************************
           * pymolcas version py2.28                       *
           *   build c4a6d18ded8cb6cad61d2372a9abd97c      *
           *   (after the EMIL interpreter by V. Veryazov) *
           *************************************************

configuration info
------------------
Host name: DESKTOP-ET1S6F4 (Linux)
C Compiler ID: GNU
C flags: -std=gnu99 -fopenmp
Fortran Compiler ID: GNU
Fortran flags: -fno-aggressive-loop-optimizations -cpp -fdefault-integer-8 -fopenmp
Definitions: _WARNING_WORKAROUND_;_MOLCAS_;_I8_;_LINUX_
Parallel: OFF (GA=OFF)


   ----------------------------------------------------------------------
  |
  |           Project: n2_opt
  |    Submitted from: /home/kenya/molcas_test
  |      Scratch area: /tmp/n2_opt
  |   Save outputs to: /home/kenya/molcas_test
  |            Molcas: /home/kenya/OpenMolcas/builds/gnu_dev_omp
  |
  | Scratch area is empty
  |
  |    MOLCAS_DRIVER = /home/kenya/OpenMolcas/builds/gnu_dev_omp/pymolcas
  |    MOLCAS_NPROCS = 1
  |    MOLCAS_SOURCE = /home/kenya/OpenMolcas
  | MOLCAS_STRUCTURE = 0
  |
   ----------------------------------------------------------------------

++ ---------   Input file   ---------

&GATEWAY
  Coord = 2
  Angstrom
  N 0.0 0.0 0.0
  N 1.0 0.0 0.0
  Basis = 6-31G*
  Group = C1
  NoCD

>>> DO WHILE

  &SEWARD

  &SCF

  &SLAPAF

>>> END DO

-- ----------------------------------

--- Start Module: gateway at Tue May 14 14:11:12 2024 ---

()()()()()()()()()()()()()()()()()()()()()()()()()()()()()()()()()()()()()()()()()()()()()()()()()()

                                              &GATEWAY

                                   only a single process is used
                       available to each process: 2.0 GB of memory, 1 thread
                                             pid: 19342
()()()()()()()()()()()()()()()()()()()()()()()()()()()()()()()()()()()()()()()()()()()()()()()()()()


++    Symmetry information:
      ---------------------

                    Character Table for C1 

                             E  
                    a        1  x, y, xy, Rz, z, xz, Ry, yz, Rx, I
--


++    Basis set information:
      ----------------------


      Basis set label: N.6-31G**....

      Electronic valence basis set:
      ------------------
      Associated Effective Charge   7.000000 au
      Associated Actual Charge      7.000000 au
      Nuclear Model: Point charge

      Shell  nPrim  nBasis  Cartesian Spherical Contaminant
         s      10       3        X                  
         p       4       2        X                  
         d       1       1        X                  
--


++    Molecular structure info:
      -------------------------

                    ************************************************ 
                    **** Cartesian Coordinates / Bohr, Angstrom **** 
                    ************************************************ 

     Center  Label                x              y              z                     x              y              z
        1      N1               0.000000       0.000000       0.000000              0.000000       0.000000       0.000000
        2      N2               1.889726       0.000000       0.000000              1.000000       0.000000       0.000000
--


            Nuclear Potential Energy             25.92968333 au

--- Stop Module: gateway at Tue May 14 14:11:13 2024 /rc=_RC_ALL_IS_WELL_ ---
*** files: xmldump
    saved to directory /home/kenya/molcas_test

--- Start Module: seward at Tue May 14 14:11:13 2024 ---

()()()()()()()()()()()()()()()()()()()()()()()()()()()()()()()()()()()()()()()()()()()()()()()()()()

                                              &SEWARD

                                   only a single process is used
                       available to each process: 2.0 GB of memory, 1 thread
                                             pid: 19346
()()()()()()()()()()()()()()()()()()()()()()()()()()()()()()()()()()()()()()()()()()()()()()()()()()

               SEWARD will generate:
                  Multipole Moment integrals up to order  2
                  Kinetic Energy integrals
                  Nuclear Attraction integrals (point charge)
                  One-Electron Hamiltonian integrals
                  Velocity integrals
                  Orbital angular momentum around ( 0.9449  0.0000  0.0000 )
                  Velocity quadrupole around ( 0.9449  0.0000  0.0000 )
                  Two-Electron Repulsion integrals

                   Integrals are discarded if absolute value <: 1.00E-14
                   Integral cutoff threshold is set to       <: 1.00E-16

            Nuclear Potential Energy             25.92968333 au


      Basis set specifications :
      Symmetry species         a  
      Basis functions           30


      Input file to MOLDEN was generated!

--- Stop Module: seward at Tue May 14 14:11:14 2024 /rc=_RC_ALL_IS_WELL_ ---
*** files: n2_opt.GssOrb n2_opt.guessorb.molden xmldump
    saved to directory /home/kenya/molcas_test
--- Module seward spent 1 second ---

*** symbolic link created: INPORB -> n2_opt.GssOrb
--- Start Module: scf at Tue May 14 14:11:14 2024 ---

()()()()()()()()()()()()()()()()()()()()()()()()()()()()()()()()()()()()()()()()()()()()()()()()()()

                                                &SCF

                                   only a single process is used
                       available to each process: 2.0 GB of memory, 1 thread
                                             pid: 19374
()()()()()()()()()()()()()()()()()()()()()()()()()()()()()()()()()()()()()()()()()()()()()()()()()()

++    Input section:
      --------------

      Header of the integral files:
      
       Integrals generated by Gateway/Seward, Tue May 14 14:11:13 2024


      Cartesian coordinates in Angstrom:
      -----------------------------------------------------
      No.  Label        X            Y            Z        
      -----------------------------------------------------
       1   N1         0.00000000   0.00000000   0.00000000
       2   N2         1.00000000   0.00000000   0.00000000
      -----------------------------------------------------
      Nuclear repulsion energy =   25.92968333
--

++    Orbital specifications:
      -----------------------

      Symmetry species               1
                                     a
      Frozen orbitals                0
      Occupied orbitals              7
      Secondary orbitals            23
      Deleted orbitals               0
      Total number of orbitals      30
      Number of basis functions     30
--

      Molecular charge                           0.000

++    Optimization specifications:
      ----------------------------

      SCF Algorithm: Conventional
      Minimized density differences are used
      Number of density matrices in core                 5
      Maximum number of NDDO SCF iterations            400
      Maximum number of HF SCF iterations              400
      Threshold for SCF energy change             1.00E-09
      Threshold for density matrix                1.00E-04
      Threshold for Fock matrix                   1.50E-04
      Threshold for linear dependence             1.00E-09
      Threshold at which DIIS is turned on        1.50E-01
      Maximum depth in the DIIS procedure                5
      Maximum depth in the BFGS Hessian update          30
      Threshold at which QNR/C2DIIS is turned on  7.50E-02
      Threshold for Norm(delta) (QNR/C2DIIS)      1.00E-03
      All orbitals punched on: SCFORB
--

      Input vectors read from INPORB
      Orbital file label: *Guess orbitals


++ Convergence information
                                   SCF        iterations: Energy and convergence statistics

Iter     Tot. SCF        One-elec.       Two-elec.     Energy      Max Dij or  Max Fij      DNorm      TNorm      AccCon     Time
         Energy          Energy          Energy        Change      Delta Norm                                                in Sec.
   1  -108.631166491  -196.465632082    61.904782256   0.00E+00    2.77E-01*   2.01E-01*    4.41E+00   8.48E+01   None         0.
   2  -108.906539583  -199.213976084    64.377753167  -2.75E-01*   5.90E-02*   4.49E-02*    1.31E+00   8.65E+01   EDIIS        0.
   3  -108.916874236  -198.416541541    63.569983970  -1.03E-02*   1.18E-02*   1.23E-02*    2.73E-01   8.60E+01   c2DIIS       0.
   4  -108.917443713  -198.580327679    63.733200632  -5.69E-04*   2.75E-03*   2.79E-03*    2.83E-02   8.61E+01   QNRc2DIIS    0.
   5  -108.917472678  -198.551271859    63.704115847  -2.90E-05*   8.26E-04    6.82E-04*    2.65E-03   8.61E+01   QNRc2DIIS    0.
   6  -108.917474730  -198.555609988    63.708451923  -2.05E-06*   3.25E-05    2.94E-05     3.86E-04   8.61E+01   QNRc2DIIS    0.
   7  -108.917474735  -198.555711489    63.708553419  -4.93E-09*   6.66E-06    7.33E-06     2.27E-05   8.61E+01   QNRc2DIIS    0.
 DIIS_X: Reduction of the subspace dimension due to numerical imbalance of the values in the B-Matrix
 kOptim=                    5 -> kOptim=                    4
   8  -108.917474735  -198.555716906    63.708558837  -1.64E-10    1.63E-07    1.50E-07     3.60E-05   8.61E+01   QNRc2DIIS    0.

       Convergence after   8 Macro Iterations
--

 *****************************************************************************************************************************
 *                                                                                                                           *
 *                                             SCF/KS-DFT Program, Final results                                             *
 *                                                                                                                           *
 *                                                                                                                           *
 *                                                                                                                           *
 *                                                       Final Results                                                       *
 *                                                                                                                           *
 *****************************************************************************************************************************

::    Total SCF energy                               -108.9174747353
      One-electron energy                            -198.5557169064
      Two-electron energy                              63.7085588368
      Nuclear repulsion energy                         25.9296833342
      Kinetic energy (interpolated)                   109.2230496563
      Virial theorem                                    0.9972022854
      Total spin, S(S+1)                                0.0000000000
      Total spin, S                                     0.0000000000
      Max non-diagonal density matrix element           0.0000001691
      Max non-diagonal Fock matrix element              0.0000000277


      All orbitals with orbital energies smaller than  E(LUMO)+0.5 are printed

++    Molecular orbitals:
      -------------------

      Title: SCF orbitals

      Molecular orbitals for symmetry species 1: a  

          Orbital            1         2         3         4         5         6         7         8         9        10    
          Energy          -15.6669  -15.6605   -1.5469   -0.7432   -0.6574   -0.6574   -0.6370    0.2251    0.2251    0.6103
          Occ. No.          2.0000    2.0000    2.0000    2.0000    2.0000    2.0000    2.0000    0.0000    0.0000    0.0000

        1 N1     1s         0.7030   -0.7041   -0.1700    0.1433   -0.0000    0.0000   -0.0509    0.0000   -0.0000    0.0835
        2 N1     2s         0.0173   -0.0184    0.3327   -0.3163   -0.0000   -0.0000    0.1075   -0.0000    0.0000   -0.2045
        3 N1     *s         0.0005    0.0006    0.1642   -0.4986    0.0000   -0.0000    0.3458   -0.0000   -0.0000   -5.7028
        4 N1     2px        0.0018   -0.0031    0.2425    0.2381   -0.0000    0.0000   -0.4566    0.0000    0.0000    0.0102
        5 N1     *px       -0.0004    0.0002    0.0288    0.0901    0.0000    0.0000   -0.1915    0.0000   -0.0000   -3.2740
        6 N1     2py       -0.0000    0.0000    0.0000    0.0000    0.4359   -0.0729   -0.0000    0.0089   -0.4182    0.0000
        7 N1     *py        0.0000    0.0000   -0.0000    0.0000    0.2223   -0.0372   -0.0000    0.0166   -0.7822    0.0000
        8 N1     2pz        0.0000   -0.0000    0.0000    0.0000    0.0729    0.4359    0.0000   -0.4182   -0.0089   -0.0000
        9 N1     *pz       -0.0000   -0.0000   -0.0000    0.0000    0.0372    0.2223    0.0000   -0.7822   -0.0166    0.0000
       10 N1     *200      -0.0011    0.0003    0.0191    0.0089   -0.0000    0.0000   -0.0176    0.0000   -0.0000   -0.0525
       11 N1     *110      -0.0000    0.0000    0.0000    0.0000    0.0493   -0.0082   -0.0000   -0.0003    0.0121    0.0000
       12 N1     *101      -0.0000   -0.0000    0.0000   -0.0000    0.0082    0.0493    0.0000    0.0121    0.0003   -0.0000
       13 N1     *020      -0.0018    0.0016   -0.0080   -0.0014   -0.0000    0.0000    0.0053   -0.0000    0.0000    0.0063
       14 N1     *011      -0.0000   -0.0000   -0.0000   -0.0000    0.0000    0.0000    0.0000   -0.0000   -0.0000   -0.0000
       15 N1     *002      -0.0018    0.0016   -0.0080   -0.0014   -0.0000    0.0000    0.0053    0.0000    0.0000    0.0063
       16 N2     1s         0.7030    0.7041   -0.1700   -0.1433    0.0000    0.0000   -0.0509   -0.0000    0.0000   -0.0835
       17 N2     2s         0.0173    0.0184    0.3327    0.3163    0.0000   -0.0000    0.1075   -0.0000    0.0000    0.2045
       18 N2     *s         0.0005   -0.0006    0.1642    0.4986   -0.0000    0.0000    0.3458    0.0000   -0.0000    5.7028
       19 N2     2px       -0.0018   -0.0031   -0.2425    0.2381   -0.0000   -0.0000    0.4566   -0.0000   -0.0000    0.0102
       20 N2     *px        0.0004    0.0002   -0.0288    0.0901    0.0000   -0.0000    0.1915    0.0000   -0.0000   -3.2740
       21 N2     2py       -0.0000   -0.0000   -0.0000    0.0000    0.4359   -0.0729    0.0000   -0.0089    0.4182    0.0000
       22 N2     *py        0.0000   -0.0000   -0.0000    0.0000    0.2223   -0.0372   -0.0000   -0.0166    0.7822   -0.0000
       23 N2     2pz       -0.0000    0.0000    0.0000   -0.0000    0.0729    0.4359    0.0000    0.4182    0.0089    0.0000
       24 N2     *pz        0.0000    0.0000   -0.0000   -0.0000    0.0372    0.2223    0.0000    0.7822    0.0166    0.0000
       25 N2     *200      -0.0011   -0.0003    0.0191   -0.0089    0.0000    0.0000   -0.0176    0.0000    0.0000    0.0525
       26 N2     *110       0.0000    0.0000   -0.0000   -0.0000   -0.0493    0.0082    0.0000   -0.0003    0.0121   -0.0000
       27 N2     *101      -0.0000    0.0000    0.0000   -0.0000   -0.0082   -0.0493   -0.0000    0.0121    0.0003   -0.0000
       28 N2     *020      -0.0018   -0.0016   -0.0080    0.0014    0.0000   -0.0000    0.0053   -0.0000    0.0000   -0.0063
       29 N2     *011       0.0000    0.0000   -0.0000   -0.0000    0.0000   -0.0000   -0.0000   -0.0000    0.0000    0.0000
       30 N2     *002      -0.0018   -0.0016   -0.0080    0.0014    0.0000   -0.0000    0.0053    0.0000    0.0000   -0.0063
--


++    Molecular charges:
      ------------------

      Mulliken charges per centre and basis function type
      ---------------------------------------------------

                N1      N2    
      1s       1.9965  1.9965
      2s       0.8560  0.8560
      2px      1.0141  1.0141
      2pz      0.6352  0.6352
      2py      0.6352  0.6352
      *s       0.9156  0.9156
      *px      0.2093  0.2093
      *pz      0.3362  0.3362
      *py      0.3362  0.3362
      *200     0.0236  0.0236
      *110     0.0286  0.0286
      *101     0.0286  0.0286
      *020    -0.0076 -0.0076
      *011     0.0000  0.0000
      *002    -0.0076 -0.0076
      Total    7.0000  7.0000

      N-E     -0.0000  0.0000

      Total electronic charge=   14.000000

      Total            charge=   -0.000000
--


++    Molecular properties:
      ---------------------

      Charge (e):
                      =   -0.0000
      Dipole Moment (Debye):
      Origin of the operator (Ang)=    0.0000    0.0000    0.0000
                   X= -1.8060E-14               Y= -3.0080E-17               Z=  4.1315E-16           Total=  1.8065E-14
      Quadrupole Moment (Debye*Ang):
      Origin of the operator (Ang)=    0.5000    0.0000    0.0000
                  XX= -1.1554E+01              XY=  2.7620E-16              XZ= -1.1326E-15              YY= -9.8783E+00
                  YZ= -9.6245E-17              ZZ= -9.8783E+00
      In traceless form (Debye*Ang)
                  XX= -1.6761E+00              XY=  4.1430E-16              XZ= -1.6988E-15              YY=  8.3804E-01
                  YZ= -1.4437E-16              ZZ=  8.3804E-01
--


      Input file to MOLDEN was generated!

 ###############################################################################
 ###############################################################################
 ###                                                                         ###
 ###                                                                         ###
 ###    WARNING: RunFile label nBas                                          ###
 ###    was used       60 times                                              ###
 ###                                                                         ###
 ###                                                                         ###
 ###############################################################################
 ###############################################################################
--- Stop Module: scf at Tue May 14 14:11:15 2024 /rc=_RC_ALL_IS_WELL_ ---
*** files: n2_opt.scf.molden n2_opt.ScfOrb xmldump
    saved to directory /home/kenya/molcas_test

*** symbolic link created: INPORB -> n2_opt.ScfOrb
--- Start Module: slapaf at Tue May 14 14:11:15 2024 ---

()()()()()()()()()()()()()()()()()()()()()()()()()()()()()()()()()()()()()()()()()()()()()()()()()()

                                              &SLAPAF

                                   only a single process is used
                       available to each process: 2.0 GB of memory, 1 thread
                                             pid: 19400
()()()()()()()()()()()()()()()()()()()()()()()()()()()()()()()()()()()()()()()()()()()()()()()()()()

--- Stop Module: slapaf at Tue May 14 14:11:15 2024 /rc=_RC_INVOKED_OTHER_MODULE_ ---
*** files: xmldump
    saved to directory /home/kenya/molcas_test

*** symbolic link created: INPORB -> n2_opt.ScfOrb
--- Start Module: alaska at Tue May 14 14:11:15 2024 ---

()()()()()()()()()()()()()()()()()()()()()()()()()()()()()()()()()()()()()()()()()()()()()()()()()()

                                              &ALASKA

                                   only a single process is used
                       available to each process: 2.0 GB of memory, 1 thread
                                             pid: 19405
()()()()()()()()()()()()()()()()()()()()()()()()()()()()()()()()()()()()()()()()()()()()()()()()()()


                     Threshold for contributions to the gradient: 1.000E-07


                    ********************************************
                    * Symmetry Adapted Cartesian Displacements *
                    ********************************************


           Irreducible representation : a  
           Basis function(s) of irrep: x, y, xy, Rz, z, xz, Ry, yz, Rx, I                                              

 Basis Label        Type   Center Phase
   1   N1           x         1     1
   2   N1           y         1     1
   3   N1           z         1     1
   4   N2           x         2     1
   5   N2           y         2     1
   6   N2           z         2     1

                     No automatic utilization of translational and rotational invariance of the energy is employed.

 Conventional ERI gradients!

 **************************************************
 *                                                *
 *              Molecular gradients               *
 *                                                *
 **************************************************

  Irreducible representation: a  
 ------------------------------------------------------------------------------------------
                              X                       Y                       Z
 ------------------------------------------------------------------------------------------
  N1                3.90515107079043E-01    3.60721902715542E-16    3.77769006752029E-15
  N2               -3.90515107079050E-01   -3.60721902715540E-16   -3.77769006752028E-15
 ------------------------------------------------------------------------------------------

--- Stop Module: alaska at Tue May 14 14:11:15 2024 /rc=_RC_ALL_IS_WELL_ ---
*** files: xmldump
    saved to directory /home/kenya/molcas_test

*** symbolic link created: INPORB -> n2_opt.ScfOrb
--- Start Module: slapaf at Tue May 14 14:11:15 2024 ---

()()()()()()()()()()()()()()()()()()()()()()()()()()()()()()()()()()()()()()()()()()()()()()()()()()

                                              &SLAPAF

                                   only a single process is used
                       available to each process: 2.0 GB of memory, 1 thread
                                             pid: 19417
()()()()()()()()()()()()()()()()()()()()()()()()()()()()()()()()()()()()()()()()()()()()()()()()()()



++       Slapaf input parameters:
         ------------------------

 Maximum number of iterations:              2000
 Convergence test a la Schlegel.
 Convergence criterion on gradient/para.<=: 3.0E-04
 Convergence criterion on step/parameter<=: 3.0E-04
 Convergence criterion on energy change <=: 0.0E+00
 Parameters for step-restricted optimization
 Maximum step length (initial seed):       3.00E-01

 -RFO activated with parameters:
   Maximum number of data points used in RFO:      5
 Line search is performed


 -Optimization for minimum.
  Optimization method: RS-RFO.

 -Initial Hessian guessed by Hessian Model Function (HMF).
  HMF augmented with weak interactions.

 -Hessian update method: Broyden-Fletcher-Goldfarb-Shanno
  Maximum number of points in Hessian update:  5

 -Relaxation will be done on non-redundant internal coordinates, based on
  force constant weighted redundant internal coordinates.

--

 ******************************************
 * Statistics of the internal coordinates *
 ******************************************
 Translations and Rotations:         0
 Bonds                     :         1
 Angles                    :         0
 Torsions                  :         0
 Out-of-plane angles       :         0


**********************************************************************************************************************
*                                    Energy Statistics for Geometry Optimization                                     *
**********************************************************************************************************************
                       Energy     Grad      Grad              Step                 Estimated   Geom       Hessian     
Iter      Energy       Change     Norm      Max    Element    Max     Element     Final Energy Update Update   Index  
  1   -108.91747474  0.00000000 0.552272  0.390515 nrc001   0.212132* nrc001     -108.95889512 RS-RFO  None      0    

       +----------------------------------+----------------------------------+
       +    Cartesian Displacements       +    Gradient in internals         +
       +  Value      Threshold Converged? +  Value      Threshold Converged? +
 +-----+----------------------------------+----------------------------------+
 + RMS + 1.0607E-01  1.2000E-03     No    + 5.5227E-01  3.0000E-04     No    +
 +-----+----------------------------------+----------------------------------+
 + Max + 1.0607E-01  1.8000E-03     No    + 3.9052E-01  4.5000E-04     No    +
 +-----+----------------------------------+----------------------------------+

 Convergence not reached yet!

*****************************************************************************************************************
*****************************************************************************************************************

++ Geometry section

********************************************************************************
  Geometrical information of the new structure
********************************************************************************


 *********************************************************
 * Nuclear coordinates for the next iteration / Bohr     *
 *********************************************************
  ATOM              X               Y               Z     
  N1              -0.106066        0.000000        0.000000
  N2               1.995792        0.000000        0.000000


 *********************************************************
 * Nuclear coordinates for the next iteration / Angstrom *
 *********************************************************
  ATOM              X               Y               Z     
  N1              -0.056128        0.000000        0.000000
  N2               1.056128        0.000000        0.000000


                    *************************************** 
                    *    InterNuclear Distances / Bohr    * 
                    *************************************** 

               1 N1            2 N2    
    1 N1       0.000000
    2 N2       2.101858        0.000000

                    ******************************************* 
                    *    InterNuclear Distances / Angstrom    * 
                    ******************************************* 

               1 N1            2 N2    
    1 N1       0.000000
    2 N2       1.112255        0.000000
--
--- Stop Module: slapaf at Tue May 14 14:11:15 2024 /rc=_RC_CONTINUE_LOOP_ ---
*** files: n2_opt.geo.molden n2_opt.structure n2_opt.Opt.xyz xmldump
    saved to directory /home/kenya/molcas_test

>>> END DO

*** symbolic link created: INPORB -> n2_opt.ScfOrb
--- Start Module: seward at Tue May 14 14:11:15 2024 ---
--- Stop Module: seward at Tue May 14 14:11:16 2024 /rc=_RC_ALL_IS_WELL_ ---
*** files: xmldump
    saved to directory /home/kenya/molcas_test

*** symbolic link created: INPORB -> n2_opt.ScfOrb
--- Start Module: scf at Tue May 14 14:11:16 2024 ---
--- Stop Module: scf at Tue May 14 14:11:17 2024 /rc=_RC_ALL_IS_WELL_ ---
*** files: n2_opt.scf.molden n2_opt.ScfOrb xmldump
    saved to directory /home/kenya/molcas_test

*** symbolic link created: INPORB -> n2_opt.ScfOrb
--- Start Module: slapaf at Tue May 14 14:11:17 2024 ---
--- Stop Module: slapaf at Tue May 14 14:11:17 2024 /rc=_RC_INVOKED_OTHER_MODULE_ ---
*** files: xmldump
    saved to directory /home/kenya/molcas_test

*** symbolic link created: INPORB -> n2_opt.ScfOrb
--- Start Module: alaska at Tue May 14 14:11:17 2024 ---
--- Stop Module: alaska at Tue May 14 14:11:17 2024 /rc=_RC_ALL_IS_WELL_ ---
*** files: xmldump
    saved to directory /home/kenya/molcas_test

*** symbolic link created: INPORB -> n2_opt.ScfOrb
--- Start Module: slapaf at Tue May 14 14:11:17 2024 ---

**********************************************************************************************************************
*                                    Energy Statistics for Geometry Optimization                                     *
**********************************************************************************************************************
                       Energy     Grad      Grad              Step                 Estimated   Geom       Hessian     
Iter      Energy       Change     Norm      Max    Element    Max     Element     Final Energy Update Update   Index  
  1   -108.91747474  0.00000000 0.552272  0.390515 nrc001   0.212132* nrc001     -108.95889512 RS-RFO  None      0    
  2   -108.94011848 -0.02264374 0.162916 -0.115199 nrc001  -0.064835  nrc001     -108.94404015 RS-RFO  BFGS      0    

       +----------------------------------+----------------------------------+
       +    Cartesian Displacements       +    Gradient in internals         +
       +  Value      Threshold Converged? +  Value      Threshold Converged? +
 +-----+----------------------------------+----------------------------------+
 + RMS + 3.2417E-02  1.2000E-03     No    + 1.6292E-01  3.0000E-04     No    +
 +-----+----------------------------------+----------------------------------+
 + Max + 3.2417E-02  1.8000E-03     No    + 1.1520E-01  4.5000E-04     No    +
 +-----+----------------------------------+----------------------------------+

 Convergence not reached yet!

*****************************************************************************************************************
*****************************************************************************************************************

++ Geometry section

********************************************************************************
  Geometrical information of the new structure
********************************************************************************


 *********************************************************
 * Nuclear coordinates for the next iteration / Bohr     *
 *********************************************************
  ATOM              X               Y               Z     
  N1              -0.073649        0.000000        0.000000
  N2               1.963375        0.000000        0.000000


 *********************************************************
 * Nuclear coordinates for the next iteration / Angstrom *
 *********************************************************
  ATOM              X               Y               Z     
  N1              -0.038973        0.000000        0.000000
  N2               1.038973        0.000000        0.000000

--
--- Stop Module: slapaf at Tue May 14 14:11:18 2024 /rc=_RC_CONTINUE_LOOP_ ---
*** files: n2_opt.geo.molden n2_opt.structure n2_opt.Opt.xyz xmldump
    saved to directory /home/kenya/molcas_test

>>> END DO

*** symbolic link created: INPORB -> n2_opt.ScfOrb
--- Start Module: seward at Tue May 14 14:11:18 2024 ---
--- Stop Module: seward at Tue May 14 14:11:18 2024 /rc=_RC_ALL_IS_WELL_ ---
*** files: xmldump
    saved to directory /home/kenya/molcas_test

*** symbolic link created: INPORB -> n2_opt.ScfOrb
--- Start Module: scf at Tue May 14 14:11:18 2024 ---
--- Stop Module: scf at Tue May 14 14:11:19 2024 /rc=_RC_ALL_IS_WELL_ ---
*** files: n2_opt.scf.molden n2_opt.ScfOrb xmldump
    saved to directory /home/kenya/molcas_test

*** symbolic link created: INPORB -> n2_opt.ScfOrb
--- Start Module: slapaf at Tue May 14 14:11:19 2024 ---
--- Stop Module: slapaf at Tue May 14 14:11:19 2024 /rc=_RC_INVOKED_OTHER_MODULE_ ---
*** files: xmldump
    saved to directory /home/kenya/molcas_test

*** symbolic link created: INPORB -> n2_opt.ScfOrb
--- Start Module: alaska at Tue May 14 14:11:19 2024 ---
--- Stop Module: alaska at Tue May 14 14:11:20 2024 /rc=_RC_ALL_IS_WELL_ ---
*** files: xmldump
    saved to directory /home/kenya/molcas_test

*** symbolic link created: INPORB -> n2_opt.ScfOrb
--- Start Module: slapaf at Tue May 14 14:11:20 2024 ---

**********************************************************************************************************************
*                                    Energy Statistics for Geometry Optimization                                     *
**********************************************************************************************************************
                       Energy     Grad      Grad              Step                 Estimated   Geom       Hessian     
Iter      Energy       Change     Norm      Max    Element    Max     Element     Final Energy Update Update   Index  
  1   -108.91747474  0.00000000 0.552272  0.390515 nrc001   0.212132* nrc001     -108.95889512 RS-RFO  None      0    
  2   -108.94011848 -0.02264374 0.162916 -0.115199 nrc001  -0.064835  nrc001     -108.94404015 RS-RFO  BFGS      0    
  3   -108.94394881 -0.00383033 0.002304  0.001629 nrc001   0.000810  nrc001     -108.94394947 RS-RFO  BFGS      0    

       +----------------------------------+----------------------------------+
       +    Cartesian Displacements       +    Gradient in internals         +
       +  Value      Threshold Converged? +  Value      Threshold Converged? +
 +-----+----------------------------------+----------------------------------+
 + RMS + 4.0503E-04  1.2000E-03     Yes   + 2.3044E-03  3.0000E-04     No    +
 +-----+----------------------------------+----------------------------------+
 + Max + 4.0503E-04  1.8000E-03     Yes   + 1.6295E-03  4.5000E-04     No    +
 +-----+----------------------------------+----------------------------------+

 Convergence not reached yet!

*****************************************************************************************************************
*****************************************************************************************************************

++ Geometry section

********************************************************************************
  Geometrical information of the new structure
********************************************************************************


 *********************************************************
 * Nuclear coordinates for the next iteration / Bohr     *
 *********************************************************
  ATOM              X               Y               Z     
  N1              -0.074054        0.000000        0.000000
  N2               1.963780        0.000000        0.000000


 *********************************************************
 * Nuclear coordinates for the next iteration / Angstrom *
 *********************************************************
  ATOM              X               Y               Z     
  N1              -0.039188        0.000000        0.000000
  N2               1.039188        0.000000        0.000000

--
--- Stop Module: slapaf at Tue May 14 14:11:20 2024 /rc=_RC_CONTINUE_LOOP_ ---
*** files: n2_opt.geo.molden n2_opt.structure n2_opt.Opt.xyz xmldump
    saved to directory /home/kenya/molcas_test

>>> END DO

*** symbolic link created: INPORB -> n2_opt.ScfOrb
--- Start Module: seward at Tue May 14 14:11:20 2024 ---
--- Stop Module: seward at Tue May 14 14:11:21 2024 /rc=_RC_ALL_IS_WELL_ ---
*** files: xmldump
    saved to directory /home/kenya/molcas_test

*** symbolic link created: INPORB -> n2_opt.ScfOrb
--- Start Module: scf at Tue May 14 14:11:21 2024 ---
--- Stop Module: scf at Tue May 14 14:11:22 2024 /rc=_RC_ALL_IS_WELL_ ---
*** files: n2_opt.scf.molden n2_opt.ScfOrb xmldump
    saved to directory /home/kenya/molcas_test

*** symbolic link created: INPORB -> n2_opt.ScfOrb
--- Start Module: slapaf at Tue May 14 14:11:22 2024 ---
--- Stop Module: slapaf at Tue May 14 14:11:22 2024 /rc=_RC_INVOKED_OTHER_MODULE_ ---
*** files: xmldump
    saved to directory /home/kenya/molcas_test

*** symbolic link created: INPORB -> n2_opt.ScfOrb
--- Start Module: alaska at Tue May 14 14:11:22 2024 ---
--- Stop Module: alaska at Tue May 14 14:11:22 2024 /rc=_RC_ALL_IS_WELL_ ---
*** files: xmldump
    saved to directory /home/kenya/molcas_test

*** symbolic link created: INPORB -> n2_opt.ScfOrb
--- Start Module: slapaf at Tue May 14 14:11:22 2024 ---

**********************************************************************************************************************
*                                    Energy Statistics for Geometry Optimization                                     *
**********************************************************************************************************************
                       Energy     Grad      Grad              Step                 Estimated   Geom       Hessian     
Iter      Energy       Change     Norm      Max    Element    Max     Element     Final Energy Update Update   Index  
  1   -108.91747474  0.00000000 0.552272  0.390515 nrc001   0.212132* nrc001     -108.95889512 RS-RFO  None      0    
  2   -108.94011848 -0.02264374 0.162916 -0.115199 nrc001  -0.064835  nrc001     -108.94404015 RS-RFO  BFGS      0    
  3   -108.94394881 -0.00383033 0.002304  0.001629 nrc001   0.000810  nrc001     -108.94394947 RS-RFO  BFGS      0    
  4   -108.94394947 -0.00000066 0.000007 -0.000005 nrc001  -0.000002  nrc001     -108.94394947 RS-RFO  BFGS      0    

       +----------------------------------+----------------------------------+
       +    Cartesian Displacements       +    Gradient in internals         +
       +  Value      Threshold Converged? +  Value      Threshold Converged? +
 +-----+----------------------------------+----------------------------------+
 + RMS + 1.2148E-06  1.2000E-03     Yes   + 6.9170E-06  3.0000E-04     Yes   +
 +-----+----------------------------------+----------------------------------+
 + Max + 1.2149E-06  1.8000E-03     Yes   + 4.8911E-06  4.5000E-04     Yes   +
 +-----+----------------------------------+----------------------------------+

 Geometry is converged in   4 iterations to a Minimum Structure

*****************************************************************************************************************
*****************************************************************************************************************

++ Geometry section

********************************************************************************
  Geometrical information of the final structure
********************************************************************************

  NOTE: on convergence the final predicted structure will be printed here.
  This is not identical to the structure printed in the head of the output.

 *********************************************************
 * Nuclear coordinates of the final structure / Bohr     *
 *********************************************************
  ATOM              X               Y               Z     
  N1              -0.074052        0.000000        0.000000
  N2               1.963779        0.000000        0.000000


 *********************************************************
 * Nuclear coordinates of the final structure / Angstrom *
 *********************************************************
  ATOM              X               Y               Z     
  N1              -0.039187        0.000000        0.000000
  N2               1.039187        0.000000        0.000000


                    *************************************** 
                    *    InterNuclear Distances / Bohr    * 
                    *************************************** 

               1 N1            2 N2    
    1 N1       0.000000
    2 N2       2.037831        0.000000

                    ******************************************* 
                    *    InterNuclear Distances / Angstrom    * 
                    ******************************************* 

               1 N1            2 N2    
    1 N1       0.000000
    2 N2       1.078374        0.000000
--
--- Stop Module: slapaf at Tue May 14 14:11:22 2024 /rc=_RC_INVOKED_OTHER_MODULE_ ---
*** files: n2_opt.geo.molden n2_opt.structure n2_opt.Opt.xyz xmldump
    saved to directory /home/kenya/molcas_test

*** symbolic link created: INPORB -> n2_opt.ScfOrb
--- Start Module: last_energy at Tue May 14 14:11:22 2024 ---

()()()()()()()()()()()()()()()()()()()()()()()()()()()()()()()()()()()()()()()()()()()()()()()()()()

                                            &LAST_ENERGY

                                   only a single process is used
                       available to each process: 2.0 GB of memory, 1 thread
                                             pid: 19532
()()()()()()()()()()()()()()()()()()()()()()()()()()()()()()()()()()()()()()()()()()()()()()()()()()


    Geometry read from RUNFILE

               SEWARD will generate:
                  Multipole Moment integrals up to order  2
                  Kinetic Energy integrals
                  Nuclear Attraction integrals (point charge)
                  One-Electron Hamiltonian integrals
                  Velocity integrals
                  Orbital angular momentum around ( 0.9449  0.0000  0.0000 )
                  Velocity quadrupole around ( 0.9449  0.0000  0.0000 )
                  Two-Electron Repulsion integrals

                   Integrals are discarded if absolute value <: 1.00E-14
                   Integral cutoff threshold is set to       <: 1.00E-16

            Nuclear Potential Energy             24.04517238 au


      Basis set specifications :
      Symmetry species         a  
      Basis functions           30

++    Input section:
      --------------

      Header of the integral files:
      
       Integrals generated by Gateway/Seward, Tue May 14 14:11:23 2024


      Cartesian coordinates in Angstrom:
      -----------------------------------------------------
      No.  Label        X            Y            Z        
      -----------------------------------------------------
       1   N1        -0.03918689   0.00000000   0.00000000
       2   N2         1.03918689   0.00000000   0.00000000
      -----------------------------------------------------
      Nuclear repulsion energy =   24.04517238
--

++    Orbital specifications:
      -----------------------

      Symmetry species               1
                                     a
      Frozen orbitals                0
      Occupied orbitals              7
      Secondary orbitals            23
      Deleted orbitals               0
      Total number of orbitals      30
      Number of basis functions     30
--

      Molecular charge                           0.000

++    Optimization specifications:
      ----------------------------

      SCF Algorithm: Conventional
      Minimized density differences are used
      Number of density matrices in core                 5
      Maximum number of NDDO SCF iterations            400
      Maximum number of HF SCF iterations              400
      Threshold for SCF energy change             1.00E-09
      Threshold for density matrix                1.00E-04
      Threshold for Fock matrix                   1.50E-04
      Threshold for linear dependence             1.00E-09
      Threshold at which DIIS is turned on        1.50E-01
      Maximum depth in the DIIS procedure                5
      Maximum depth in the BFGS Hessian update          30
      Threshold at which QNR/C2DIIS is turned on  7.50E-02
      Threshold for Norm(delta) (QNR/C2DIIS)      1.00E-03
      All orbitals punched on: SCFORB
--

      Detected old SCF orbitals                                                       


++ Convergence information
                                   SCF        iterations: Energy and convergence statistics

Iter     Tot. SCF        One-elec.       Two-elec.     Energy      Max Dij or  Max Fij      DNorm      TNorm      AccCon     Time
         Energy          Energy          Energy        Change      Delta Norm                                                in Sec.
   1  -108.943949471  -194.963383768    61.974261923   0.00E+00    5.72E-07    3.89E-07     4.64E+00   8.31E+01   None         0.
   2  -108.943949471  -194.963383886    61.974262040  -5.40E-13    2.01E-07    9.81E-08     6.97E-06   8.31E+01   EDIIS        0.

       Convergence after   2 Macro Iterations
--

 *****************************************************************************************************************************
 *                                                                                                                           *
 *                                             SCF/KS-DFT Program, Final results                                             *
 *                                                                                                                           *
 *                                                                                                                           *
 *                                                                                                                           *
 *                                                       Final Results                                                       *
 *                                                                                                                           *
 *****************************************************************************************************************************

::    Total SCF energy                               -108.9439494708
      One-electron energy                            -194.9633838862
      Two-electron energy                              61.9742620403
      Nuclear repulsion energy                         24.0451723751
      Kinetic energy (interpolated)                   108.5747232753
      Virial theorem                                    1.0034006644
      Total spin, S(S+1)                                0.0000000000
      Total spin, S                                     0.0000000000
      Max non-diagonal density matrix element           0.0000002013
      Max non-diagonal Fock matrix element              0.0000000981


      All orbitals with orbital energies smaller than  E(LUMO)+0.5 are printed

++    Molecular orbitals:
      -------------------

      Title: SCF orbitals

      Molecular orbitals for symmetry species 1: a  

          Orbital            1         2         3         4         5         6         7         8         9        10    
          Energy          -15.6906  -15.6868   -1.4882   -0.7700   -0.6316   -0.6201   -0.6201    0.1808    0.1808    0.5913
          Occ. No.          2.0000    2.0000    2.0000    2.0000    2.0000    2.0000    2.0000    0.0000    0.0000    0.0000

        1 N1     1s         0.7033   -0.7040   -0.1610    0.1458   -0.0546   -0.0000    0.0000   -0.0000    0.0000   -0.0905
        2 N1     2s         0.0170   -0.0174    0.3367   -0.3294    0.1070    0.0000    0.0000    0.0000   -0.0000    0.2047
        3 N1     *s         0.0003    0.0010    0.1807   -0.4901    0.3353    0.0000   -0.0000   -0.0000   -0.0000    4.4208
        4 N1     2px        0.0015   -0.0024    0.2246    0.2249   -0.4581   -0.0000   -0.0000    0.0000    0.0000    0.0435
        5 N1     *px       -0.0004    0.0004    0.0334    0.0818   -0.2003    0.0000   -0.0000   -0.0000    0.0000    2.8499
        6 N1     2py       -0.0000    0.0000    0.0000    0.0000   -0.0000    0.4350   -0.0016   -0.4311    0.0001   -0.0000
        7 N1     *py        0.0000    0.0000   -0.0000    0.0000    0.0000    0.2446   -0.0009   -0.6979    0.0002    0.0000
        8 N1     2pz        0.0000   -0.0000    0.0000    0.0000   -0.0000    0.0016    0.4350   -0.0001   -0.4311    0.0000
        9 N1     *pz       -0.0000   -0.0000   -0.0000    0.0000   -0.0000    0.0009    0.2446   -0.0002   -0.6979   -0.0000
       10 N1     *200      -0.0012    0.0004    0.0179    0.0100   -0.0173   -0.0000   -0.0000   -0.0000    0.0000    0.0505
       11 N1     *110      -0.0000    0.0000    0.0000    0.0000   -0.0000    0.0482   -0.0002    0.0133   -0.0000    0.0000
       12 N1     *101      -0.0000   -0.0000    0.0000   -0.0000   -0.0000    0.0002    0.0482    0.0000    0.0133   -0.0000
       13 N1     *020      -0.0016    0.0015   -0.0069   -0.0010    0.0041   -0.0000    0.0000    0.0000   -0.0000   -0.0025
       14 N1     *011      -0.0000   -0.0000   -0.0000   -0.0000    0.0000    0.0000    0.0000   -0.0000   -0.0000   -0.0000
       15 N1     *002      -0.0016    0.0015   -0.0069   -0.0010    0.0041   -0.0000    0.0000    0.0000    0.0000   -0.0025
       16 N2     1s         0.7033    0.7040   -0.1610   -0.1458   -0.0546    0.0000   -0.0000    0.0000   -0.0000    0.0905
       17 N2     2s         0.0170    0.0174    0.3367    0.3294    0.1070   -0.0000    0.0000    0.0000   -0.0000   -0.2047
       18 N2     *s         0.0003   -0.0010    0.1807    0.4901    0.3353   -0.0000    0.0000    0.0000   -0.0000   -4.4208
       19 N2     2px       -0.0015   -0.0024   -0.2246    0.2249    0.4581   -0.0000    0.0000   -0.0000   -0.0000    0.0435
       20 N2     *px        0.0004    0.0004   -0.0334    0.0818    0.2003    0.0000   -0.0000   -0.0000    0.0000    2.8499
       21 N2     2py       -0.0000   -0.0000    0.0000    0.0000    0.0000    0.4350   -0.0016    0.4311   -0.0001    0.0000
       22 N2     *py        0.0000   -0.0000   -0.0000    0.0000   -0.0000    0.2446   -0.0009    0.6979   -0.0002    0.0000
       23 N2     2pz       -0.0000    0.0000    0.0000   -0.0000   -0.0000    0.0016    0.4350    0.0001    0.4311   -0.0000
       24 N2     *pz        0.0000    0.0000   -0.0000   -0.0000   -0.0000    0.0009    0.2446    0.0002    0.6979    0.0000
       25 N2     *200      -0.0012   -0.0004    0.0179   -0.0100   -0.0173    0.0000   -0.0000   -0.0000    0.0000   -0.0505
       26 N2     *110       0.0000    0.0000    0.0000   -0.0000    0.0000   -0.0482    0.0002    0.0133   -0.0000    0.0000
       27 N2     *101      -0.0000    0.0000    0.0000   -0.0000   -0.0000   -0.0002   -0.0482    0.0000    0.0133    0.0000
       28 N2     *020      -0.0016   -0.0015   -0.0069    0.0010    0.0041    0.0000   -0.0000    0.0000    0.0000    0.0025
       29 N2     *011       0.0000    0.0000   -0.0000   -0.0000   -0.0000    0.0000   -0.0000    0.0000   -0.0000   -0.0000
       30 N2     *002      -0.0016   -0.0015   -0.0069    0.0010    0.0041    0.0000   -0.0000    0.0000    0.0000    0.0025
--


++    Molecular charges:
      ------------------

      Mulliken charges per centre and basis function type
      ---------------------------------------------------

                N1      N2    
      1s       1.9964  1.9964
      2s       0.8747  0.8747
      2px      0.9763  0.9763
      2pz      0.6080  0.6080
      2py      0.6080  0.6080
      *s       0.9218  0.9218
      *px      0.2230  0.2230
      *pz      0.3671  0.3671
      *py      0.3671  0.3671
      *200     0.0225  0.0225
      *110     0.0249  0.0249
      *101     0.0249  0.0249
      *020    -0.0073 -0.0073
      *011     0.0000  0.0000
      *002    -0.0073 -0.0073
      Total    7.0000  7.0000

      N-E      0.0000 -0.0000

      Total electronic charge=   14.000000

      Total            charge=   -0.000000
--


++    Molecular properties:
      ---------------------

      Charge (e):
                      =   -0.0000
      Dipole Moment (Debye):
      Origin of the operator (Ang)=    0.0000    0.0000    0.0000
                   X= -1.3545E-13               Y= -6.2019E-17               Z=  1.0050E-15           Total=  1.3546E-13
      Quadrupole Moment (Debye*Ang):
      Origin of the operator (Ang)=    0.5000    0.0000    0.0000
                  XX= -1.1671E+01              XY=  3.3030E-16              XZ= -1.3523E-15              YY= -1.0182E+01
                  YZ=  2.2282E-16              ZZ= -1.0182E+01
      In traceless form (Debye*Ang)
                  XX= -1.4883E+00              XY=  4.9545E-16              XZ= -2.0284E-15              YY=  7.4415E-01
                  YZ=  3.3423E-16              ZZ=  7.4415E-01
--


      Input file to MOLDEN was generated!

 ###############################################################################
 ###############################################################################
 ###                                                                         ###
 ###                                                                         ###
 ###    WARNING: RunFile label nBas                                          ###
 ###    was used       63 times                                              ###
 ###                                                                         ###
 ###                                                                         ###
 ###############################################################################
 ###############################################################################
--- Stop Module: last_energy at Tue May 14 14:11:24 2024 /rc=_RC_ALL_IS_WELL_ ---
*** files: n2_opt.scf.molden n2_opt.ScfOrb xmldump
    saved to directory /home/kenya/molcas_test
--- Module last_energy spent 1 second ---

>>> END DO

.##################.
.# Happy landing! #.
.##################.

    Timing: Wall=11.40 User=9.17 System=1.88
