   This run of MOLCAS is using the pymolcas driver

                             OPE
                             OPE          NMOL  CASOP  ENMOLC A   SO
                 OPE        NMOLC        AS  OP EN  MO LC     AS  OP
                OPENM       OL CA        SO  PE NM  OL CA     SOP EN
                OP EN      MO   LC       AS  OP ENMOL  CASO   PENMOL
                OP  EN     MO   LC       AS  OP EN     MO     LC ASO
               OP   E  NMOL  C  AS       OP  EN MO     LC     AS  OP
               OP  E   NMO   LC AS        OPEN  MO     LCASOP EN   M
               O  PEN   MO  LCA  SO
            OPE   NMO   L   CAS    OP
        OPENMOL  CASOP     ENMOL   CASOPE
     OPENMOLCA   SOPENMOLCASOPEN   MOLCASOPE
    OPENMOLCAS   OP           EN   MOL    CAS
    OPENMOLCAS       OP  ENM        O     LCA
    OPENMOLCAS    OPEN  MOLCASO     P  E  NMO
    OPENMOLCAS     OP               E  N  MOL
    OPENMOLCA   SO           PENM   O  L  CAS    OPEN    MO    LCAS
    OPENMOLCA   SOP           ENM   O  L  CAS   OP  EN  MOLC  AS   O
    OPENMOLCA   SOPE           NM      O  LCA   S      OP  EN MO
    OPENMOLC                AS         O  PEN   M      OL  CA  SOPE
    OPENMO        LCASOPE  NMOL        C  ASO   P      ENMOLC     AS
    OPE     NMO      LCA  SO     P     E   NM   OL  CA SO  PE N   MO
          OPENMOLCA            SOPE   NMO        LCAS  O    P  ENMO
     OPENMOLCASOPENMOLCASOPENMOLCASOPENMOLCA
        OPENMOLCASOPENMOLCASOPENMOLCASOPE
            OPENMOLCASOPENMOLCASOPENM
               OPENMOLCASOPENMOLCA        version: 24.02
                   OPENMOLCASO
                       OPE                tag: 428-g03afa2e9a

 OpenMolcas is free software; you can redistribute it and/or modify it
 under the terms of the GNU Lesser General Public License version 2.1.
 OpenMolcas is distributed in the hope that it will be useful, but it
 is provided "as is" and without any express or implied warranties.
 For more details see the full text of the license in the file
 LICENSE or in <http://www.gnu.org/licenses/>.

                 Copyright (C) The OpenMolcas Authors
           For the author list and the recommended citation,
                   consult the file CONTRIBUTORS.md

           *************************************************
           * pymolcas version py2.28                       *
           *   build c4a6d18ded8cb6cad61d2372a9abd97c      *
           *   (after the EMIL interpreter by V. Veryazov) *
           *************************************************

configuration info
------------------
Host name: DESKTOP-ET1S6F4 (Linux)
C Compiler ID: GNU
C flags: -std=gnu99 -fopenmp
Fortran Compiler ID: GNU
Fortran flags: -fno-aggressive-loop-optimizations -cpp -fdefault-integer-8 -fopenmp
Definitions: _WARNING_WORKAROUND_;_MOLCAS_;_I8_;_LINUX_
Parallel: OFF (GA=OFF)


   ----------------------------------------------------------------------
  |
  |           Project: reactant
  |    Submitted from: /home/kenya/molcas_test/exercise_1
  |      Scratch area: /tmp/reactant
  |   Save outputs to: /home/kenya/molcas_test/exercise_1
  |            Molcas: /home/kenya/OpenMolcas/builds/gnu_dev_omp
  |
  | Scratch area is NOT empty
  |
  |    MOLCAS_DRIVER = /home/kenya/OpenMolcas/builds/gnu_dev_omp/pymolcas
  |    MOLCAS_NPROCS = 1
  |    MOLCAS_SOURCE = /home/kenya/OpenMolcas
  | MOLCAS_STRUCTURE = 0
  |
   ----------------------------------------------------------------------

++ ---------   Input file   ---------

&GATEWAY
Coord = reactant.Opt.xyz
  Basis = 6-31G*
  Group = Full
  NoCD

>>> DO WHILE

  &SEWARD

  &SCF

  &ALASKA

  &SLAPAF

>>> END DO

-- ----------------------------------

*** symbolic link created: INPORB -> reactant.ScfOrb
--- Start Module: gateway at Sun Jul  7 15:38:19 2024 ---

()()()()()()()()()()()()()()()()()()()()()()()()()()()()()()()()()()()()()()()()()()()()()()()()()()

                                              &GATEWAY

                                   only a single process is used
                       available to each process: 2.0 GB of memory, 1 thread
                                            pid: 406333
()()()()()()()()()()()()()()()()()()()()()()()()()()()()()()()()()()()()()()()()()()()()()()()()()()

      Found SYMMETRY generators: xz z

++    Symmetry information:
      ---------------------

                    --- Group Generators ---
                    Rotation around the y-axis  
                    Reflection in the xy-plane  

                    Character Table for C2v

                             E   C2(y) s(xy) s(yz)
                    a1       1     1     1     1  y
                    b1       1    -1     1    -1  x, xy, Rz
                    a2       1     1    -1    -1  xz, Ry, I
                    b2       1    -1    -1     1  z, yz, Rx
--


++    Basis set information:
      ----------------------


      Basis set label: C.6-31G**....

      Electronic valence basis set:
      ------------------
      Associated Effective Charge   6.000000 au
      Associated Actual Charge      6.000000 au
      Nuclear Model: Point charge

      Shell  nPrim  nBasis  Cartesian Spherical Contaminant
         s      10       3        X                  
         p       4       2        X                  
         d       1       1        X                  


      Basis set label: H.6-31G....

      Electronic valence basis set:
      ------------------
      Associated Effective Charge   1.000000 au
      Associated Actual Charge      1.000000 au
      Nuclear Model: Point charge

      Shell  nPrim  nBasis  Cartesian Spherical Contaminant
         s       4       2        X                  


      Basis set label: C.6-31G**....

      Electronic valence basis set:
      ------------------
      Associated Effective Charge   6.000000 au
      Associated Actual Charge      6.000000 au
      Nuclear Model: Point charge

      Shell  nPrim  nBasis  Cartesian Spherical Contaminant
         s      10       3        X                  
         p       4       2        X                  
         d       1       1        X                  


      Basis set label: H.6-31G....

      Electronic valence basis set:
      ------------------
      Associated Effective Charge   1.000000 au
      Associated Actual Charge      1.000000 au
      Nuclear Model: Point charge

      Shell  nPrim  nBasis  Cartesian Spherical Contaminant
         s       4       2        X                  
--


++    Molecular structure info:
      -------------------------

                    ************************************************ 
                    **** Cartesian Coordinates / Bohr, Angstrom **** 
                    ************************************************ 

     Center  Label                x              y              z                     x              y              z
        1      C1              -4.172798       1.986343       0.000000             -2.208150       1.051127       0.000000
        2      C1               4.172798       1.986343       0.000000              2.208150       1.051127       0.000000
        3      C2              -2.816615       0.197047       0.000000             -1.490488       0.104273       0.000000
        4      C2               2.816615       0.197047       0.000000              1.490488       0.104273       0.000000
        5      H3               5.357691       3.594082       0.000000              2.835168       1.901906       0.000000
        6      H3              -5.357691       3.594082       0.000000             -2.835168       1.901906       0.000000
        7      C4              -1.255190      -2.017798       0.000000             -0.664218      -1.067773       0.000000
        8      C4               1.255190      -2.017798       0.000000              0.664218      -1.067773       0.000000
        9      H5              -2.232195      -3.799124       0.000000             -1.181226      -2.010410       0.000000
       10      H5               2.232195      -3.799124       0.000000              1.181226      -2.010410       0.000000

                    *************************************** 
                    *    InterNuclear Distances / Bohr    * 
                    *************************************** 

               1 C1            2 C1            3 C2            4 C2            5 H3            6 H3    
    1 C1       0.000000
    2 C1       8.345597        0.000000
    3 C2       2.245176        7.214810        0.000000
    4 C2       7.214810        2.245176        5.633230        0.000000
    5 H3       9.665147        1.997197        8.852069        4.242277        0.000000
    6 H3       1.997197        9.665147        4.242277        8.852069       10.715383        0.000000
    7 C4       4.954350        6.745087        2.709905        4.635205        8.673142        6.951526
    8 C4       6.745087        4.954350        4.635205        2.709905        6.951526        8.673142
    9 H5       6.102259        8.631081        4.038678        6.438933       10.595558        8.026719
   10 H5       8.631081        6.102259        6.438933        4.038678        8.026719       10.595558

               7 C4            8 C4            9 H5           10 H5    
    7 C4       0.000000
    8 C4       2.510379        0.000000
    9 H5       2.031664        3.915989        0.000000
   10 H5       3.915989        2.031664        4.464389        0.000000

                    ******************************************* 
                    *    InterNuclear Distances / Angstrom    * 
                    ******************************************* 

               1 C1            2 C1            3 C2            4 C2            5 H3            6 H3    
    1 C1       0.000000
    2 C1       4.416300        0.000000
    3 C2       1.188096        3.817913        0.000000
    4 C2       3.817913        1.188096        2.980977        0.000000
    5 H3       5.114575        1.056871        4.684313        2.244917        0.000000
    6 H3       1.056871        5.114575        2.244917        4.684313        5.670336        0.000000
    7 C4       2.621729        3.569346        1.434020        2.452845        4.589629        3.678589
    8 C4       3.569346        2.621729        2.452845        1.434020        3.678589        4.589629
    9 H5       3.229176        4.567371        2.137177        3.407336        5.606928        4.247557
   10 H5       4.567371        3.229176        3.407336        2.137177        4.247557        5.606928

               7 C4            8 C4            9 H5           10 H5    
    7 C4       0.000000
    8 C4       1.328436        0.000000
    9 H5       1.075110        2.072252        0.000000
   10 H5       2.072252        1.075110        2.362453        0.000000

                    ************************************** 
                    *    Valence Bond Angles / Degree    * 
                    ************************************** 
                          Atom centers                 Phi
                      3 C2       1 C1       6 H3       179.23
                      4 C2       2 C1       5 H3       179.23
                      1 C1       3 C2       7 C4       178.02
                      2 C1       4 C2       8 C4       178.02
                      3 C2       7 C4       8 C4       125.18
                      3 C2       7 C4       9 H5       116.07
                      8 C4       7 C4       9 H5       118.74
                      4 C2       8 C4       7 C4       125.18
                      4 C2       8 C4      10 H5       116.07
                      7 C4       8 C4      10 H5       118.74

           ***************************************************************
           *              Valence Dihedral Angles / Degree               *
           ***************************************************************
                    Atom centers                       Phi1     Phi2     Theta 
           6 H3       1 C1       3 C2       7 C4        179.23   178.02  -180.00
           5 H3       2 C1       4 C2       8 C4        179.23   178.02  -180.00
           1 C1       3 C2       7 C4       8 C4        178.02   125.18  -180.00
           1 C1       3 C2       7 C4       9 H5        178.02   116.07    -0.00
           2 C1       4 C2       8 C4       7 C4        178.02   125.18  -180.00
           2 C1       4 C2       8 C4      10 H5        178.02   116.07    -0.00
           3 C2       7 C4       8 C4       4 C2        125.18   125.18    -0.00
           3 C2       7 C4       8 C4      10 H5        125.18   118.74  -180.00
           9 H5       7 C4       8 C4      10 H5        118.74   118.74    -0.00
           4 C2       8 C4       7 C4       9 H5        125.18   118.74  -180.00
--


            Nuclear Potential Energy            166.86453982 au

--- Stop Module: gateway at Sun Jul  7 15:38:19 2024 /rc=_RC_ALL_IS_WELL_ ---
*** files: xmldump
    saved to directory /home/kenya/molcas_test/exercise_1

*** symbolic link created: INPORB -> reactant.ScfOrb
--- Start Module: seward at Sun Jul  7 15:38:19 2024 ---

()()()()()()()()()()()()()()()()()()()()()()()()()()()()()()()()()()()()()()()()()()()()()()()()()()

                                              &SEWARD

                                   only a single process is used
                       available to each process: 2.0 GB of memory, 1 thread
                                            pid: 406337
()()()()()()()()()()()()()()()()()()()()()()()()()()()()()()()()()()()()()()()()()()()()()()()()()()

               SEWARD will generate:
                  Multipole Moment integrals up to order  2
                  Kinetic Energy integrals
                  Nuclear Attraction integrals (point charge)
                  One-Electron Hamiltonian integrals
                  Velocity integrals
                  Orbital angular momentum around ( 0.0000  0.0468  0.0000 )
                  Velocity quadrupole around ( 0.0000  0.0468  0.0000 )
                  Two-Electron Repulsion integrals

                   Integrals are discarded if absolute value <: 1.00E-14
                   Integral cutoff threshold is set to       <: 1.00E-16

                    Unitary symmetry adaptation


            Nuclear Potential Energy            166.86453982 au


      Basis set specifications :
      Symmetry species         a1   b1   a2   b2 
      Basis functions           37   37   12   12


      Input file to MOLDEN was generated!

--- Stop Module: seward at Sun Jul  7 15:38:20 2024 /rc=_RC_ALL_IS_WELL_ ---
*** files: reactant.GssOrb reactant.guessorb.molden xmldump
    saved to directory /home/kenya/molcas_test/exercise_1
--- Module seward spent 1 second ---

*** symbolic link created: INPORB -> reactant.ScfOrb
--- Start Module: scf at Sun Jul  7 15:38:20 2024 ---

()()()()()()()()()()()()()()()()()()()()()()()()()()()()()()()()()()()()()()()()()()()()()()()()()()

                                                &SCF

                                   only a single process is used
                       available to each process: 2.0 GB of memory, 1 thread
                                            pid: 406358
()()()()()()()()()()()()()()()()()()()()()()()()()()()()()()()()()()()()()()()()()()()()()()()()()()

++    Input section:
      --------------

      Header of the integral files:
      
       Integrals generated by Gateway/Seward, Sun Jul  7 15:38:19 2024


      Cartesian coordinates in Angstrom:
      -----------------------------------------------------
      No.  Label        X            Y            Z        
      -----------------------------------------------------
       1   C1        -2.20814977   1.05112727   0.00000000
       2   C2        -1.49048838   0.10427255   0.00000000
       3   H3         2.83516819   1.90190617   0.00000000
       4   C4        -0.66421778  -1.06777276   0.00000000
       5   H5        -1.18122649  -2.01040966   0.00000000
       6   C1         2.20814977   1.05112727   0.00000000
       7   C2         1.49048838   0.10427255   0.00000000
       8   H3        -2.83516819   1.90190617   0.00000000
       9   C4         0.66421778  -1.06777276   0.00000000
      10   H5         1.18122649  -2.01040966   0.00000000
      -----------------------------------------------------
      Nuclear repulsion energy =  166.86453982
--

++    Orbital specifications:
      -----------------------

      Symmetry species               1   2   3   4
                                    a1  b1  a2  b2
      Frozen orbitals                0   0   0   0
      Occupied orbitals              9   8   1   2
      Secondary orbitals            28  29  11  10
      Deleted orbitals               0   0   0   0
      Total number of orbitals      37  37  12  12
      Number of basis functions     37  37  12  12
--

      Molecular charge                           0.000

++    Optimization specifications:
      ----------------------------

      SCF Algorithm: Conventional
      Minimized density differences are used
      Number of density matrices in core                 5
      Maximum number of NDDO SCF iterations            400
      Maximum number of HF SCF iterations              400
      Threshold for SCF energy change             1.00E-09
      Threshold for density matrix                1.00E-04
      Threshold for Fock matrix                   1.50E-04
      Threshold for linear dependence             1.00E-09
      Threshold at which DIIS is turned on        1.50E-01
      Maximum depth in the DIIS procedure                5
      Maximum depth in the BFGS Hessian update          30
      Threshold at which QNR/C2DIIS is turned on  7.50E-02
      Threshold for Norm(delta) (QNR/C2DIIS)      1.00E-03
      All orbitals punched on: SCFORB
--

      Input vectors read from INPORB
      Orbital file label: * SCF orbitals


++ Convergence information
                                   SCF        iterations: Energy and convergence statistics

Iter     Tot. SCF        One-elec.       Two-elec.     Energy      Max Dij or  Max Fij      DNorm      TNorm      AccCon     Time
         Energy          Energy          Energy        Change      Delta Norm                                                in Sec.
   1  -229.382625445  -638.737564521   242.490399261   0.00E+00    1.49E-06    6.92E-07     7.18E+00   2.35E+02   None         0.
   2  -229.382625445  -638.737570372   242.490405112  -1.57E-11    8.43E-07    3.42E-07     1.55E-05   2.35E+02   EDIIS        0.

       Convergence after   2 Macro Iterations
--

 *****************************************************************************************************************************
 *                                                                                                                           *
 *                                             SCF/KS-DFT Program, Final results                                             *
 *                                                                                                                           *
 *                                                                                                                           *
 *                                                                                                                           *
 *                                                       Final Results                                                       *
 *                                                                                                                           *
 *****************************************************************************************************************************

::    Total SCF energy                               -229.3826254446
      One-electron energy                            -638.7375703723
      Two-electron energy                             242.4904051117
      Nuclear repulsion energy                        166.8645398159
      Kinetic energy (interpolated)                   229.1408491240
      Virial theorem                                    1.0010551428
      Total spin, S(S+1)                                0.0000000000
      Total spin, S                                     0.0000000000
      Max non-diagonal density matrix element           0.0000008428
      Max non-diagonal Fock matrix element              0.0000003416


      All orbitals with orbital energies smaller than  E(LUMO)+0.5 are printed

++    Molecular orbitals:
      -------------------

      Title: SCF orbitals

      Molecular orbitals for symmetry species 1: a1 

          Orbital            1         2         3         4         5         6         7         8         9        10    
          Energy          -11.2708  -11.2364  -11.2298   -1.1161   -0.9986   -0.7503   -0.6829   -0.6484   -0.4000    0.1933
          Occ. No.          2.0000    2.0000    2.0000    2.0000    2.0000    2.0000    2.0000    2.0000    2.0000    0.0000

        1 C1     1s         0.0003    0.3233   -0.9415   -0.0615    0.1675   -0.0958   -0.0129   -0.0101    0.0038    0.0060
        2 C1     2s         0.0003    0.0077   -0.0261    0.1082   -0.3076    0.1948    0.0416    0.0097   -0.0095   -0.0316
        3 C1     *s        -0.0045    0.0008    0.0146    0.1512   -0.2593    0.1325   -0.1075    0.1079    0.0212    0.1940
        4 C1     2px        0.0001   -0.0004   -0.0002    0.0402   -0.0848   -0.1298   -0.1796    0.1458    0.3065   -0.2484
        5 C1     *px       -0.0020    0.0008    0.0027    0.0279    0.0011   -0.0807   -0.1104    0.0912    0.2260   -0.4108
        6 C1     2py       -0.0001    0.0004    0.0002   -0.0505    0.1136    0.1676    0.2838   -0.1008    0.2413   -0.1619
        7 C1     *py        0.0026   -0.0014   -0.0037   -0.0362   -0.0039    0.0995    0.1699   -0.0716    0.1477   -0.4564
        8 C1     *200       0.0001   -0.0005    0.0012    0.0003   -0.0012    0.0035    0.0053    0.0018    0.0120    0.0118
        9 C1     *110      -0.0001   -0.0005    0.0010   -0.0055    0.0231   -0.0229   -0.0108    0.0006   -0.0070   -0.0068
       10 C1     *020       0.0000   -0.0003    0.0009    0.0015   -0.0080    0.0111    0.0052   -0.0062   -0.0119   -0.0127
       11 C1     *002       0.0000   -0.0007    0.0015   -0.0020    0.0076   -0.0047    0.0001   -0.0009   -0.0003   -0.0018
       12 C2     1s         0.0118    0.9409    0.3247   -0.1202    0.1255    0.0981    0.0156    0.0153   -0.0027   -0.0028
       13 C2     2s         0.0002    0.0252    0.0100    0.2294   -0.2232   -0.2033   -0.0220   -0.0361    0.0021   -0.0343
       14 C2     *s         0.0073   -0.0077   -0.0120    0.0845   -0.1831   -0.0968    0.1057   -0.1184    0.0086    0.1039
       15 C2     2px       -0.0000    0.0000   -0.0003    0.0337    0.1380   -0.0944    0.2154   -0.0358    0.3079    0.2210
       16 C2     *px       -0.0013   -0.0000    0.0031    0.0502   -0.0083   -0.0502   -0.0512    0.0638    0.2324    0.5548
       17 C2     2py        0.0001   -0.0003    0.0003   -0.0350   -0.1765    0.1138   -0.1942    0.2431    0.2163    0.1569
       18 C2     *py        0.0017    0.0007   -0.0038   -0.0643    0.0198    0.0703    0.0962   -0.0198    0.1271    0.0585
       19 C2     *200      -0.0002   -0.0011   -0.0004    0.0027    0.0020   -0.0018    0.0026    0.0040   -0.0143    0.0161
       20 C2     *110       0.0003   -0.0015   -0.0001   -0.0200    0.0060    0.0175   -0.0003   -0.0021    0.0098   -0.0021
       21 C2     *020      -0.0005   -0.0006   -0.0003    0.0076   -0.0003   -0.0071   -0.0007   -0.0048    0.0133   -0.0176
       22 C2     *002      -0.0001   -0.0017   -0.0004   -0.0054    0.0043    0.0046    0.0016    0.0002   -0.0003   -0.0027
       23 H3     1s        -0.0002   -0.0004    0.0009    0.0205   -0.0732    0.2077    0.2015   -0.0865    0.0032   -0.0000
       24 H3     *s        -0.0010    0.0009   -0.0007    0.0098   -0.0006    0.0909    0.1015   -0.0446    0.0095    0.0521
       25 C4     1s         0.9952   -0.0117   -0.0037   -0.1923   -0.1040   -0.0301   -0.0025   -0.0142    0.0173    0.0635
       26 C4     2s         0.0273   -0.0003   -0.0002    0.3727    0.1974    0.0582    0.0023    0.0350   -0.0394   -0.1029
       27 C4     *s        -0.0072    0.0026   -0.0000    0.2157    0.1999    0.0688    0.0797   -0.0798   -0.0569   -1.0352
       28 C4     2px       -0.0005    0.0005    0.0001    0.0930    0.1168    0.1853    0.0393    0.5256   -0.1441    0.0131
       29 C4     *px        0.0011   -0.0007   -0.0002    0.0125    0.0034    0.0416    0.0018    0.1989   -0.0609    0.3625
       30 C4     2py        0.0005   -0.0007   -0.0001    0.0421   -0.0504   -0.2738    0.3299    0.0861   -0.0701    0.0866
       31 C4     *py       -0.0002    0.0008    0.0001   -0.0155    0.0023   -0.0920    0.1672    0.0208   -0.0522    0.2307
       32 C4     *200      -0.0010   -0.0003   -0.0000    0.0108    0.0062    0.0049    0.0002    0.0071   -0.0095   -0.0148
       33 C4     *110      -0.0001    0.0005    0.0001   -0.0000    0.0068    0.0115   -0.0106    0.0025    0.0087    0.0248
       34 C4     *020      -0.0012   -0.0005   -0.0001    0.0033   -0.0018   -0.0027   -0.0027   -0.0167    0.0130    0.0189
       35 C4     *002      -0.0015   -0.0001   -0.0000   -0.0091   -0.0050   -0.0005   -0.0005    0.0012   -0.0004   -0.0003
       36 H5     1s        -0.0001   -0.0001   -0.0001    0.0915    0.0653    0.1043   -0.1718   -0.1779    0.0953    0.1040
       37 H5     *s         0.0019    0.0002    0.0001    0.0053    0.0163    0.0510   -0.0949   -0.1253    0.1068    1.1102

          Orbital           11        12        13        14    
          Energy            0.2705    0.2981    0.4179    0.5894
          Occ. No.          0.0000    0.0000    0.0000    0.0000

        1 C1     1s        -0.0950    0.0020   -0.0384    0.0580
        2 C1     2s         0.1846    0.0041    0.2072   -0.2824
        3 C1     *s        -1.0147   -0.1688   -1.1940   -5.2590
        4 C1     2px       -0.1207    0.1444    0.1464   -0.1124
        5 C1     *px       -1.8197    0.4592   -0.1614   -2.0389
        6 C1     2py        0.1663    0.0882   -0.1944    0.1234
        7 C1     *py        2.4207    0.3422   -0.0782    2.5594
        8 C1     *200      -0.0032   -0.0107    0.0101   -0.0105
        9 C1     *110       0.0247    0.0067    0.0003   -0.0060
       10 C1     *020      -0.0104    0.0105   -0.0032   -0.0080
       11 C1     *002       0.0062    0.0000    0.0059   -0.0142
       12 C2     1s         0.0473    0.0080    0.1201   -0.0479
       13 C2     2s        -0.1599   -0.0117   -0.0254   -0.5892
       14 C2     *s         2.2179   -0.0592   -2.2051    3.6622
       15 C2     2px        0.0513   -0.1700   -0.0895   -0.1025
       16 C2     *px       -1.4241   -0.6903   -1.0289   -2.9852
       17 C2     2py       -0.0547   -0.0955    0.3153    0.0682
       18 C2     *py        1.9029   -0.3443    1.6963    4.3935
       19 C2     *200       0.0011   -0.0021    0.0078   -0.0360
       20 C2     *110      -0.0192    0.0005   -0.0278    0.0714
       21 C2     *020       0.0069    0.0041    0.0134   -0.0626
       22 C2     *002      -0.0062   -0.0014   -0.0032   -0.0215
       23 H3     1s        -0.0734    0.0025   -0.0448    0.0083
       24 H3     *s        -2.9748    0.0870    0.4716   -0.9888
       25 C4     1s        -0.0187    0.0516   -0.0930   -0.0159
       26 C4     2s         0.0016   -0.0070    0.1028   -0.3550
       27 C4     *s         1.1384   -1.2570    2.5723    3.6029
       28 C4     2px       -0.0532    0.2130   -0.1745    0.3552
       29 C4     *px       -0.3302    0.5631   -1.2224   -1.7089
       30 C4     2py        0.0750    0.2732    0.2508   -0.3647
       31 C4     *py        0.5451    0.8870    1.3121    1.6548
       32 C4     *200       0.0001    0.0120    0.0047    0.0067
       33 C4     *110       0.0058    0.0049    0.0585    0.0057
       34 C4     *020       0.0002   -0.0095   -0.0045   -0.0255
       35 C4     *002      -0.0018    0.0045    0.0026   -0.0137
       36 H5     1s         0.0034   -0.0419    0.1196    0.0291
       37 H5     *s         0.1474    1.9059    0.0396    0.0014

      Molecular orbitals for symmetry species 2: b1 

          Orbital            1         2         3         4         5         6         7         8         9        10    
          Energy          -11.2691  -11.2364  -11.2298   -1.0376   -0.8662   -0.7089   -0.5722   -0.3932    0.2385    0.2706
          Occ. No.          2.0000    2.0000    2.0000    2.0000    2.0000    2.0000    2.0000    2.0000    0.0000    0.0000

        1 C1     1s         0.0005    0.3227   -0.9417   -0.1579    0.1102   -0.0604    0.0280   -0.0025   -0.0090   -0.0906
        2 C1     2s         0.0004    0.0076   -0.0261    0.2863   -0.2088    0.1385   -0.0461    0.0078    0.0245    0.1840
        3 C1     *s         0.0006    0.0002    0.0131    0.3461   -0.1956   -0.1251   -0.2070    0.0588    0.2624   -1.7013
        4 C1     2px        0.0002   -0.0004   -0.0002    0.0879   -0.0214   -0.2495   -0.0604    0.3338   -0.2512   -0.1175
        5 C1     *px       -0.0004    0.0010    0.0024    0.0368    0.0079   -0.1837   -0.0606    0.2433   -0.6276   -2.0253
        6 C1     2py       -0.0003    0.0005    0.0003   -0.1198    0.0140    0.3245    0.1380    0.2366   -0.1921    0.1863
        7 C1     *py        0.0004   -0.0011   -0.0031   -0.0528   -0.0197    0.2385    0.1177    0.1418   -0.4744    2.7878
        8 C1     *200       0.0000   -0.0005    0.0012    0.0007   -0.0025    0.0048    0.0032    0.0128    0.0181   -0.0044
        9 C1     *110      -0.0001   -0.0005    0.0010   -0.0195    0.0204   -0.0203    0.0005   -0.0073   -0.0084    0.0270
       10 C1     *020       0.0001   -0.0004    0.0009    0.0070   -0.0067    0.0121   -0.0012   -0.0127   -0.0191   -0.0099
       11 C1     *002      -0.0000   -0.0007    0.0015   -0.0064    0.0059   -0.0023    0.0020    0.0004    0.0018    0.0066
       12 C2     1s         0.0127    0.9412    0.3242   -0.1801   -0.0358    0.0753   -0.0565    0.0017   -0.0007    0.0406
       13 C2     2s         0.0005    0.0255    0.0101    0.3307    0.0876   -0.1443    0.1261    0.0025    0.0291   -0.1382
       14 C2     *s         0.0069   -0.0094   -0.0125    0.2005    0.0400    0.0408    0.1755   -0.0217    0.1079    2.4350
       15 C2     2px       -0.0000    0.0003   -0.0002   -0.0726    0.1603    0.0863    0.2329    0.3106    0.3249    0.0467
       16 C2     *px        0.0029   -0.0015    0.0016    0.0952    0.0138   -0.1609   -0.0564    0.2427    0.7360   -1.9440
       17 C2     2py        0.0001   -0.0003    0.0003    0.0809   -0.2571   -0.1378   -0.2063    0.2586    0.2254   -0.0949
       18 C2     *py       -0.0029    0.0016   -0.0022   -0.1258   -0.0149    0.2093    0.0950    0.1000    0.2223    2.4790
       19 C2     *200      -0.0003   -0.0009   -0.0003   -0.0005    0.0020   -0.0006    0.0019   -0.0134    0.0156    0.0008
       20 C2     *110       0.0004   -0.0016   -0.0001   -0.0193   -0.0147    0.0119   -0.0084    0.0050   -0.0203   -0.0160
       21 C2     *020      -0.0005   -0.0005   -0.0003    0.0061    0.0096   -0.0023    0.0015    0.0143   -0.0117    0.0074
       22 C2     *002      -0.0001   -0.0015   -0.0003   -0.0075   -0.0022    0.0044   -0.0008    0.0008    0.0023   -0.0048
       23 H3     1s         0.0001    0.0004   -0.0009   -0.0621    0.0876   -0.2859   -0.0583    0.0008    0.0074    0.0727
       24 H3     *s         0.0003   -0.0009    0.0008   -0.0139    0.0225   -0.1224   -0.0281   -0.0045    0.1125    3.1094
       25 C4     1s         0.9959   -0.0126   -0.0039   -0.0577   -0.1463   -0.0451    0.0224   -0.0204   -0.0348   -0.0266
       26 C4     2s         0.0283    0.0000   -0.0002    0.1183    0.2907    0.0832   -0.0498    0.0426    0.0772   -0.0033
       27 C4     *s        -0.0212    0.0028    0.0011   -0.0236    0.2818    0.2557    0.0766    0.0760    0.5098    1.7293
       28 C4     2px       -0.0001    0.0003    0.0001   -0.0833   -0.2047   -0.0620    0.0305    0.0099    0.0961   -0.0345
       29 C4     *px       -0.0021   -0.0023   -0.0011    0.0191   -0.0919   -0.0828    0.0065    0.0525    0.6110   -0.4926
       30 C4     2py        0.0006   -0.0005   -0.0000    0.0491    0.0323   -0.0617    0.4179   -0.0415    0.0379    0.0360
       31 C4     *py       -0.0050    0.0011    0.0013   -0.0645   -0.0000    0.0639    0.3377   -0.0842   -0.2129    0.9844
       32 C4     *200      -0.0006   -0.0006   -0.0001    0.0009   -0.0008    0.0009   -0.0004   -0.0093   -0.0211    0.0054
       33 C4     *110      -0.0003    0.0007    0.0001   -0.0070   -0.0009    0.0064   -0.0466    0.0116    0.0091   -0.0043
       34 C4     *020      -0.0008   -0.0006   -0.0001    0.0062    0.0125    0.0057   -0.0045    0.0086    0.0187    0.0023
       35 C4     *002      -0.0013   -0.0001   -0.0000   -0.0028   -0.0074   -0.0024    0.0006   -0.0004    0.0019   -0.0032
       36 H5     1s        -0.0002   -0.0002   -0.0000    0.0383    0.1484    0.0897   -0.2808    0.0646    0.0705   -0.0163
       37 H5     *s         0.0009   -0.0004    0.0001   -0.0015    0.0451    0.0572   -0.1774    0.0512    0.1605   -0.0115

          Orbital           11        12    
          Energy            0.3143    0.5677
          Occ. No.          0.0000    0.0000

        1 C1     1s         0.0167   -0.0700
        2 C1     2s        -0.0397    0.2625
        3 C1     *s        -2.1290    1.8109
        4 C1     2px       -0.0452    0.0773
        5 C1     *px       -0.7856    1.3377
        6 C1     2py        0.0787   -0.2638
        7 C1     *py        1.2019   -1.0261
        8 C1     *200       0.0006   -0.0091
        9 C1     *110       0.0013    0.0196
       10 C1     *020      -0.0038    0.0160
       11 C1     *002      -0.0012    0.0105
       12 C2     1s        -0.0355    0.1141
       13 C2     2s         0.0186    0.1417
       14 C2     *s         0.7619   -3.6447
       15 C2     2px        0.1077   -0.2483
       16 C2     *px       -1.7233    0.0971
       17 C2     2py       -0.0643   -0.0275
       18 C2     *py        1.8265   -1.1143
       19 C2     *200      -0.0046    0.0192
       20 C2     *110       0.0213   -0.0601
       21 C2     *020      -0.0086    0.0214
       22 C2     *002      -0.0011   -0.0045
       23 H3     1s        -0.0038    0.0989
       24 H3     *s         0.5877   -0.8108
       25 C4     1s         0.1106   -0.1195
       26 C4     2s        -0.2390    0.2469
       27 C4     *s        -0.5058    2.5795
       28 C4     2px        0.1187   -0.0434
       29 C4     *px       -0.1555    2.3041
       30 C4     2py        0.1548    0.4089
       31 C4     *py        2.8627    1.5660
       32 C4     *200       0.0071    0.0129
       33 C4     *110      -0.0183   -0.0178
       34 C4     *020       0.0049   -0.0008
       35 C4     *002      -0.0050    0.0110
       36 H5     1s         0.0080   -0.0698
       37 H5     *s         2.8311    1.4735

      Molecular orbitals for symmetry species 3: a2 

          Orbital            1         2         3    
          Energy           -0.4159    0.0956    0.3589
          Occ. No.          2.0000    0.0000    0.0000

        1 C1     2pz        0.3763   -0.2972    0.1744
        2 C1     *pz        0.2501   -0.4630    0.8191
        3 C1     *101       0.0158    0.0074   -0.0291
        4 C1     *011      -0.0214   -0.0102    0.0378
        5 C2     2pz        0.4116    0.1484   -0.4128
        6 C2     *pz        0.2569    0.2322   -0.9957
        7 C2     *101      -0.0133    0.0234   -0.0002
        8 C2     *011       0.0146   -0.0394   -0.0064
        9 C4     2pz        0.1040    0.4139    0.3559
       10 C4     *pz        0.0741    0.6542    1.0665
       11 C4     *101      -0.0134   -0.0335   -0.0142
       12 C4     *011       0.0119    0.0079   -0.0269

      Molecular orbitals for symmetry species 4: b2 

          Orbital            1         2         3    
          Energy           -0.4892   -0.3267    0.2583
          Occ. No.          2.0000    2.0000    0.0000

        1 C1     2pz        0.2182   -0.3545   -0.3055
        2 C1     *pz        0.1299   -0.2710   -0.8642
        3 C1     *101       0.0116   -0.0103    0.0234
        4 C1     *011      -0.0154    0.0133   -0.0304
        5 C2     2pz        0.3083   -0.2513    0.3814
        6 C2     *pz        0.1698   -0.1984    0.9221
        7 C2     *101       0.0006    0.0237    0.0153
        8 C2     *011      -0.0002   -0.0291   -0.0184
        9 C4     2pz        0.3888    0.3750   -0.1530
       10 C4     *pz        0.2568    0.3292   -0.3042
       11 C4     *101       0.0174    0.0308   -0.0314
       12 C4     *011       0.0111   -0.0068    0.0357
--


++    Molecular charges:
      ------------------

      Mulliken charges per centre and basis function type
      ---------------------------------------------------

                C1      C2      H3      C4      H5    
      1s       1.9965  1.9966  0.5011  1.9966  0.5247
      2s       0.6686  0.6748  0.0000  0.6683  0.0000
      2px      0.6551  0.6547  0.0000  0.7577  0.0000
      2pz      0.5594  0.5817  0.0000  0.5357  0.0000
      2py      0.7208  0.7219  0.0000  0.7088  0.0000
      *s       0.5446  0.3893  0.2013  0.4640  0.2436
      *px      0.4587  0.2799  0.0000  0.2018  0.0000
      *110     0.0115  0.0101  0.0000  0.0191  0.0000
      *020     0.0367  0.0285  0.0000  0.0249  0.0000
      *002    -0.0192 -0.0180  0.0000 -0.0193  0.0000
      *200     0.0117  0.0077  0.0000  0.0242  0.0000
      *pz      0.4269  0.4026  0.0000  0.4583  0.0000
      *py      0.4257  0.1043  0.0000  0.3226  0.0000
      *101     0.0036  0.0055  0.0000  0.0093  0.0000
      *011     0.0063  0.0085  0.0000  0.0023  0.0000
      Total    6.5070  5.8480  0.7024  6.1743  0.7683

      N-E     -0.5070  0.1520  0.2976 -0.1743  0.2317

      Total electronic charge=   40.000000

      Total            charge=   -0.000000
--


++    Molecular properties:
      ---------------------

      Charge (e):
                      =   -0.0000
      Dipole Moment (Debye):
      Origin of the operator (Ang)=    0.0000    0.0000    0.0000
                   X=  0.0000E+00               Y= -1.8432E-01               Z=  0.0000E+00           Total=  1.8432E-01
      Quadrupole Moment (Debye*Ang):
      Origin of the operator (Ang)=    0.0000    0.0248    0.0000
                  XX= -3.0121E+01              XY=  0.0000E+00              XZ=  0.0000E+00              YY= -2.6423E+01
                  YZ=  0.0000E+00              ZZ= -3.7591E+01
      In traceless form (Debye*Ang)
                  XX=  1.8865E+00              XY=  0.0000E+00              XZ=  0.0000E+00              YY=  7.4321E+00
                  YZ=  0.0000E+00              ZZ= -9.3186E+00
--


      Input file to MOLDEN was generated!

 ###############################################################################
 ###############################################################################
 ###                                                                         ###
 ###                                                                         ###
 ###    WARNING: RunFile label nBas                                          ###
 ###    was used       60 times                                              ###
 ###                                                                         ###
 ###                                                                         ###
 ###############################################################################
 ###############################################################################
--- Stop Module: scf at Sun Jul  7 15:38:21 2024 /rc=_RC_ALL_IS_WELL_ ---
*** files: reactant.scf.molden reactant.ScfOrb xmldump
    saved to directory /home/kenya/molcas_test/exercise_1

*** symbolic link created: INPORB -> reactant.ScfOrb
--- Start Module: alaska at Sun Jul  7 15:38:21 2024 ---

()()()()()()()()()()()()()()()()()()()()()()()()()()()()()()()()()()()()()()()()()()()()()()()()()()

                                              &ALASKA

                                   only a single process is used
                       available to each process: 2.0 GB of memory, 1 thread
                                            pid: 406383
()()()()()()()()()()()()()()()()()()()()()()()()()()()()()()()()()()()()()()()()()()()()()()()()()()


                     Threshold for contributions to the gradient: 1.000E-07


                    ********************************************
                    * Symmetry Adapted Cartesian Displacements *
                    ********************************************


           Irreducible representation : a1 
           Basis function(s) of irrep: y                                                                               

 Basis Label        Type   Center Phase
   1   C1           x         1     1      2    -1
   2   C1           y         1     1      2     1
   3   C2           x         3     1      4    -1
   4   C2           y         3     1      4     1
   5   H3           x         5     1      6    -1
   6   H3           y         5     1      6     1
   7   C4           x         7     1      8    -1
   8   C4           y         7     1      8     1
   9   H5           x         9     1     10    -1
  10   H5           y         9     1     10     1

           Irreducible representation : b1 
           Basis function(s) of irrep: x, xy, Rz                                                                       

 Basis Label        Type   Center Phase
  11   C1           x         1     1      2     1
  12   C1           y         1     1      2    -1
  13   C2           x         3     1      4     1
  14   C2           y         3     1      4    -1
  15   H3           x         5     1      6     1
  16   H3           y         5     1      6    -1
  17   C4           x         7     1      8     1
  18   C4           y         7     1      8    -1
  19   H5           x         9     1     10     1
  20   H5           y         9     1     10    -1

           Irreducible representation : a2 
           Basis function(s) of irrep: xz, Ry, I                                                                       

 Basis Label        Type   Center Phase
  21   C1           z         1     1      2    -1
  22   C2           z         3     1      4    -1
  23   H3           z         5     1      6    -1
  24   C4           z         7     1      8    -1
  25   H5           z         9     1     10    -1

           Irreducible representation : b2 
           Basis function(s) of irrep: z, yz, Rx                                                                       

 Basis Label        Type   Center Phase
  26   C1           z         1     1      2     1
  27   C2           z         3     1      4     1
  28   H3           z         5     1      6     1
  29   C4           z         7     1      8     1
  30   H5           z         9     1     10     1

                     No automatic utilization of translational and rotational invariance of the energy is employed.

 Conventional ERI gradients!

 **************************************************
 *                                                *
 *              Molecular gradients               *
 *                                                *
 **************************************************

  Irreducible representation: a1 
 ------------------------------------------------------------------------------------------
                              X                       Y                       Z
 ------------------------------------------------------------------------------------------
  C1                4.17760048776472E-07    1.70246803499197E-05    0.00000000000000E+00
  C1               -4.17760048776472E-07    1.70246803499197E-05    0.00000000000000E+00
  C2                1.08579183191182E-05   -2.39074585746124E-05    0.00000000000000E+00
  C2               -1.08579183191182E-05   -2.39074585746124E-05    0.00000000000000E+00
  H3                3.24986880873013E-06   -7.73136713760891E-07    0.00000000000000E+00
  H3               -3.24986880873013E-06   -7.73136713760891E-07    0.00000000000000E+00
  C4                2.60392160136291E-05   -1.56928315773186E-05    0.00000000000000E+00
  C4               -2.60392160136291E-05   -1.56928315773186E-05    0.00000000000000E+00
  H5                8.74769667613684E-06    2.33487465557403E-05    0.00000000000000E+00
  H5               -8.74769667613684E-06    2.33487465557403E-05    0.00000000000000E+00
 ------------------------------------------------------------------------------------------

--- Stop Module: alaska at Sun Jul  7 15:38:22 2024 /rc=_RC_ALL_IS_WELL_ ---
*** files: xmldump
    saved to directory /home/kenya/molcas_test/exercise_1
--- Module alaska spent 1 second ---

*** symbolic link created: INPORB -> reactant.ScfOrb
--- Start Module: slapaf at Sun Jul  7 15:38:22 2024 ---

()()()()()()()()()()()()()()()()()()()()()()()()()()()()()()()()()()()()()()()()()()()()()()()()()()

                                              &SLAPAF

                                   only a single process is used
                       available to each process: 2.0 GB of memory, 1 thread
                                            pid: 406406
()()()()()()()()()()()()()()()()()()()()()()()()()()()()()()()()()()()()()()()()()()()()()()()()()()



++       Slapaf input parameters:
         ------------------------

 Maximum number of iterations:              2000
 Convergence test a la Schlegel.
 Convergence criterion on gradient/para.<=: 3.0E-04
 Convergence criterion on step/parameter<=: 3.0E-04
 Convergence criterion on energy change <=: 0.0E+00
 Parameters for step-restricted optimization
 Maximum step length (initial seed):       3.00E-01

 -RFO activated with parameters:
   Maximum number of data points used in RFO:      5
 Line search is performed


 -Optimization for minimum.
  Optimization method: RS-RFO.

 -Initial Hessian guessed by Hessian Model Function (HMF).
  HMF augmented with weak interactions.

 -Hessian update method: Broyden-Fletcher-Goldfarb-Shanno
  Maximum number of points in Hessian update:  5

 -Relaxation will be done on non-redundant internal coordinates, based on
  force constant weighted redundant internal coordinates.

--

 ******************************************
 * Statistics of the internal coordinates *
 ******************************************
 Translations and Rotations:         0
 Bonds                     :         5
 Angles                    :         7
 Torsions                  :         6
 Out-of-plane angles       :         1


**********************************************************************************************************************
*                                    Energy Statistics for Geometry Optimization                                     *
**********************************************************************************************************************
                       Energy     Grad      Grad              Step                 Estimated   Geom       Hessian     
Iter      Energy       Change     Norm      Max    Element    Max     Element     Final Energy Update Update   Index  
  1   -229.38262544  0.00000000 0.000071  0.000030 nrc004  -0.000068  nrc005     -229.38262545 RS-RFO  None      0    

       +----------------------------------+----------------------------------+
       +    Cartesian Displacements       +    Gradient in internals         +
       +  Value      Threshold Converged? +  Value      Threshold Converged? +
 +-----+----------------------------------+----------------------------------+
 + RMS + 1.4653E-04  1.2000E-03     Yes   + 2.3742E-05  3.0000E-04     Yes   +
 +-----+----------------------------------+----------------------------------+
 + Max + 2.4488E-04  1.8000E-03     Yes   + 2.9940E-05  4.5000E-04     Yes   +
 +-----+----------------------------------+----------------------------------+

 Geometry is converged in   1 iterations to a Minimum Structure

*****************************************************************************************************************
*****************************************************************************************************************

++ Geometry section

********************************************************************************
  Geometrical information of the final structure
********************************************************************************

  NOTE: on convergence the final predicted structure will be printed here.
  This is not identical to the structure printed in the head of the output.

 *********************************************************
 * Nuclear coordinates of the final structure / Bohr     *
 *********************************************************
  ATOM              X               Y               Z     
  C1              -4.172973        1.986301        0.000000
  C2              -2.816697        0.197092        0.000000
  H3               5.357921        3.593997        0.000000
  C4              -1.255211       -2.017723        0.000000
  H5              -2.232183       -3.799118        0.000000


 *********************************************************
 * Nuclear coordinates of the final structure / Angstrom *
 *********************************************************
  ATOM              X               Y               Z     
  C1              -2.208242        1.051105        0.000000
  C2              -1.490532        0.104296        0.000000
  H3               2.835290        1.901861        0.000000
  C4              -0.664229       -1.067733        0.000000
  H5              -1.181220       -2.010406        0.000000


                    *************************************** 
                    *    InterNuclear Distances / Bohr    * 
                    *************************************** 

               1 C1            2 C1            3 C2            4 C2            5 H3    
    1 C1       0.000000
    2 C1       8.345946        0.000000
    3 C2       2.245163        7.215037        0.000000
    4 C2       7.215037        2.245163        5.633394        0.000000
    5 H3       9.665538        1.997195        8.852307        4.242262        0.000000
    6 H3       1.997195        9.665538        4.242262        8.852307       10.715842
    7 C4       4.954346        6.745176        2.709916        4.635282        8.673230
    8 C4       6.745176        4.954346        4.635282        2.709916        6.951520
    9 H5       6.102273        8.631170        4.038731        6.439012       10.595651
   10 H5       8.631170        6.102273        6.439012        4.038731        8.026729

               6 H3            7 C4            8 C4            9 H5           10 H5    
    6 H3       0.000000
    7 C4       6.951520        0.000000
    8 C4       8.673230        2.510422        0.000000
    9 H5       8.026729        2.031709        3.916029        0.000000
   10 H5      10.595651        3.916029        2.031709        4.464365        0.000000

                    ******************************************* 
                    *    InterNuclear Distances / Angstrom    * 
                    ******************************************* 

               1 C1            2 C1            3 C2            4 C2            5 H3    
    1 C1       0.000000
    2 C1       4.416485        0.000000
    3 C2       1.188089        3.818033        0.000000
    4 C2       3.818033        1.188089        2.981064        0.000000
    5 H3       5.114783        1.056870        4.684439        2.244908        0.000000
    6 H3       1.056870        5.114783        2.244908        4.684439        5.670580
    7 C4       2.621727        3.569393        1.434026        2.452886        4.589676
    8 C4       3.569393        2.621727        2.452886        1.434026        3.678586
    9 H5       3.229184        4.567418        2.137204        3.407378        5.606977
   10 H5       4.567418        3.229184        3.407378        2.137204        4.247562

               6 H3            7 C4            8 C4            9 H5           10 H5    
    6 H3       0.000000
    7 C4       3.678586        0.000000
    8 C4       4.589676        1.328458        0.000000
    9 H5       4.247562        1.075134        2.072273        0.000000
   10 H5       5.606977        2.072273        1.075134        2.362440        0.000000

                    ************************************** 
                    *    Valence Bond Angles / Degree    * 
                    ************************************** 
                          Atom centers                 Phi
                      3 C2       1 C1       6 H3       179.23
                      4 C2       2 C1       5 H3       179.23
                      1 C1       3 C2       7 C4       178.02
                      2 C1       4 C2       8 C4       178.02
                      3 C2       7 C4       8 C4       125.18
                      3 C2       7 C4       9 H5       116.07
                      8 C4       7 C4       9 H5       118.74
                      4 C2       8 C4       7 C4       125.18
                      4 C2       8 C4      10 H5       116.07
                      7 C4       8 C4      10 H5       118.74

           ***************************************************************
           *              Valence Dihedral Angles / Degree               *
           ***************************************************************
                    Atom centers                       Phi1     Phi2     Theta 
           6 H3       1 C1       3 C2       7 C4        179.23   178.02  -180.00
           5 H3       2 C1       4 C2       8 C4        179.23   178.02  -180.00
           1 C1       3 C2       7 C4       8 C4        178.02   125.18  -180.00
           1 C1       3 C2       7 C4       9 H5        178.02   116.07    -0.00
           2 C1       4 C2       8 C4       7 C4        178.02   125.18  -180.00
           2 C1       4 C2       8 C4      10 H5        178.02   116.07    -0.00
           3 C2       7 C4       8 C4       4 C2        125.18   125.18     0.00
           3 C2       7 C4       8 C4      10 H5        125.18   118.74  -180.00
           9 H5       7 C4       8 C4      10 H5        118.74   118.74    -0.00
           4 C2       8 C4       7 C4       9 H5        125.18   118.74  -180.00
--
--- Stop Module: slapaf at Sun Jul  7 15:38:22 2024 /rc=_RC_INVOKED_OTHER_MODULE_ ---
*** files: reactant.geo.molden reactant.structure reactant.Opt.xyz xmldump
    saved to directory /home/kenya/molcas_test/exercise_1

*** symbolic link created: INPORB -> reactant.ScfOrb
--- Start Module: last_energy at Sun Jul  7 15:38:22 2024 ---

()()()()()()()()()()()()()()()()()()()()()()()()()()()()()()()()()()()()()()()()()()()()()()()()()()

                                            &LAST_ENERGY

                                   only a single process is used
                       available to each process: 2.0 GB of memory, 1 thread
                                            pid: 406409
()()()()()()()()()()()()()()()()()()()()()()()()()()()()()()()()()()()()()()()()()()()()()()()()()()


    Geometry read from RUNFILE

               SEWARD will generate:
                  Multipole Moment integrals up to order  2
                  Kinetic Energy integrals
                  Nuclear Attraction integrals (point charge)
                  One-Electron Hamiltonian integrals
                  Velocity integrals
                  Orbital angular momentum around ( 0.0000  0.0468  0.0000 )
                  Velocity quadrupole around ( 0.0000  0.0469  0.0000 )
                  Two-Electron Repulsion integrals

                   Integrals are discarded if absolute value <: 1.00E-14
                   Integral cutoff threshold is set to       <: 1.00E-16

                    Unitary symmetry adaptation


            Nuclear Potential Energy            166.86298438 au


      Basis set specifications :
      Symmetry species         a1   b1   a2   b2 
      Basis functions           37   37   12   12


      Input file to MOLDEN was generated!

++    Input section:
      --------------

      Header of the integral files:
      
       Integrals generated by Gateway/Seward, Sun Jul  7 15:38:23 2024


      Cartesian coordinates in Angstrom:
      -----------------------------------------------------
      No.  Label        X            Y            Z        
      -----------------------------------------------------
       1   C1        -2.20824230   1.05110525   0.00000000
       2   C2        -1.49053185   0.10429648   0.00000000
       3   H3         2.83528975   1.90186130   0.00000000
       4   C4        -0.66422916  -1.06773300   0.00000000
       5   H5        -1.18122020  -2.01040645   0.00000000
       6   C1         2.20824230   1.05110525   0.00000000
       7   C2         1.49053185   0.10429648   0.00000000
       8   H3        -2.83528975   1.90186130   0.00000000
       9   C4         0.66422916  -1.06773300   0.00000000
      10   H5         1.18122020  -2.01040645   0.00000000
      -----------------------------------------------------
      Nuclear repulsion energy =  166.86298438
--

++    Orbital specifications:
      -----------------------

      Symmetry species               1   2   3   4
                                    a1  b1  a2  b2
      Frozen orbitals                0   0   0   0
      Occupied orbitals              9   8   1   2
      Secondary orbitals            28  29  11  10
      Deleted orbitals               0   0   0   0
      Total number of orbitals      37  37  12  12
      Number of basis functions     37  37  12  12
--

      Molecular charge                           0.000

++    Optimization specifications:
      ----------------------------

      SCF Algorithm: Conventional
      Minimized density differences are used
      Number of density matrices in core                 5
      Maximum number of NDDO SCF iterations            400
      Maximum number of HF SCF iterations              400
      Threshold for SCF energy change             1.00E-09
      Threshold for density matrix                1.00E-04
      Threshold for Fock matrix                   1.50E-04
      Threshold for linear dependence             1.00E-09
      Threshold at which DIIS is turned on        1.50E-01
      Maximum depth in the DIIS procedure                5
      Maximum depth in the BFGS Hessian update          30
      Threshold at which QNR/C2DIIS is turned on  7.50E-02
      Threshold for Norm(delta) (QNR/C2DIIS)      1.00E-03
      All orbitals punched on: SCFORB
--

      Detected old SCF orbitals                                                       


++ Convergence information
                                   SCF        iterations: Energy and convergence statistics

Iter     Tot. SCF        One-elec.       Two-elec.     Energy      Max Dij or  Max Fij      DNorm      TNorm      AccCon     Time
         Energy          Energy          Energy        Change      Delta Norm                                                in Sec.
   1  -229.382625445  -638.734546113   242.488936292   0.00E+00    1.90E-05    1.59E-05     7.18E+00   2.35E+02   None         0.
   2  -229.382625449  -638.734432134   242.488822309  -4.08E-09*   7.82E-06    3.71E-06     2.23E-04   2.35E+02   EDIIS        0.
   3  -229.382625449  -638.734490879   242.488881054  -3.63E-10    6.62E-06    1.83E-06     4.23E-05   2.35E+02   c2DIIS       0.

       Convergence after   3 Macro Iterations
--

 *****************************************************************************************************************************
 *                                                                                                                           *
 *                                             SCF/KS-DFT Program, Final results                                             *
 *                                                                                                                           *
 *                                                                                                                           *
 *                                                                                                                           *
 *                                                       Final Results                                                       *
 *                                                                                                                           *
 *****************************************************************************************************************************

::    Total SCF energy                               -229.3826254492
      One-electron energy                            -638.7344908790
      Two-electron energy                             242.4888810538
      Nuclear repulsion energy                        166.8629843761
      Kinetic energy (interpolated)                   229.1407490716
      Virial theorem                                    1.0010555799
      Total spin, S(S+1)                                0.0000000000
      Total spin, S                                     0.0000000000
      Max non-diagonal density matrix element           0.0000066158
      Max non-diagonal Fock matrix element              0.0000018290


      All orbitals with orbital energies smaller than  E(LUMO)+0.5 are printed

++    Molecular orbitals:
      -------------------

      Title: SCF orbitals

      Molecular orbitals for symmetry species 1: a1 

          Orbital            1         2         3         4         5         6         7         8         9        10    
          Energy          -11.2708  -11.2364  -11.2298   -1.1161   -0.9986   -0.7503   -0.6829   -0.6484   -0.4000    0.1933
          Occ. No.          2.0000    2.0000    2.0000    2.0000    2.0000    2.0000    2.0000    2.0000    2.0000    0.0000

        1 C1     1s         0.0003    0.3235   -0.9415   -0.0615    0.1675   -0.0958   -0.0129   -0.0101    0.0038    0.0060
        2 C1     2s         0.0003    0.0077   -0.0261    0.1083   -0.3075    0.1948    0.0416    0.0097   -0.0095   -0.0316
        3 C1     *s        -0.0045    0.0008    0.0146    0.1512   -0.2593    0.1325   -0.1076    0.1079    0.0212    0.1939
        4 C1     2px        0.0001   -0.0004   -0.0002    0.0402   -0.0848   -0.1298   -0.1796    0.1458    0.3065   -0.2483
        5 C1     *px       -0.0020    0.0008    0.0027    0.0279    0.0011   -0.0807   -0.1104    0.0912    0.2260   -0.4109
        6 C1     2py       -0.0001    0.0004    0.0002   -0.0505    0.1136    0.1676    0.2838   -0.1008    0.2413   -0.1619
        7 C1     *py        0.0026   -0.0014   -0.0037   -0.0362   -0.0039    0.0995    0.1699   -0.0716    0.1477   -0.4563
        8 C1     *200       0.0001   -0.0005    0.0012    0.0003   -0.0012    0.0035    0.0053    0.0018    0.0120    0.0118
        9 C1     *110      -0.0001   -0.0005    0.0010   -0.0055    0.0231   -0.0229   -0.0108    0.0006   -0.0070   -0.0068
       10 C1     *020       0.0000   -0.0003    0.0009    0.0015   -0.0080    0.0111    0.0052   -0.0062   -0.0119   -0.0127
       11 C1     *002       0.0000   -0.0007    0.0015   -0.0020    0.0076   -0.0047    0.0001   -0.0009   -0.0003   -0.0018
       12 C2     1s         0.0118    0.9409    0.3249   -0.1202    0.1255    0.0981    0.0156    0.0153   -0.0027   -0.0028
       13 C2     2s         0.0002    0.0252    0.0100    0.2294   -0.2232   -0.2033   -0.0219   -0.0361    0.0022   -0.0343
       14 C2     *s         0.0073   -0.0077   -0.0120    0.0845   -0.1831   -0.0968    0.1057   -0.1184    0.0086    0.1041
       15 C2     2px       -0.0000    0.0000   -0.0003    0.0336    0.1380   -0.0944    0.2155   -0.0358    0.3079    0.2210
       16 C2     *px       -0.0013   -0.0000    0.0031    0.0502   -0.0083   -0.0502   -0.0513    0.0638    0.2324    0.5547
       17 C2     2py        0.0001   -0.0003    0.0003   -0.0350   -0.1765    0.1138   -0.1943    0.2431    0.2163    0.1569
       18 C2     *py        0.0017    0.0007   -0.0038   -0.0643    0.0198    0.0703    0.0962   -0.0198    0.1271    0.0586
       19 C2     *200      -0.0002   -0.0011   -0.0004    0.0027    0.0020   -0.0018    0.0026    0.0040   -0.0143    0.0161
       20 C2     *110       0.0003   -0.0015   -0.0001   -0.0200    0.0060    0.0175   -0.0003   -0.0021    0.0098   -0.0021
       21 C2     *020      -0.0005   -0.0006   -0.0003    0.0076   -0.0003   -0.0071   -0.0006   -0.0048    0.0133   -0.0176
       22 C2     *002      -0.0001   -0.0017   -0.0004   -0.0054    0.0043    0.0046    0.0016    0.0002   -0.0003   -0.0027
       23 H3     1s        -0.0002   -0.0004    0.0009    0.0205   -0.0732    0.2077    0.2015   -0.0865    0.0032   -0.0000
       24 H3     *s        -0.0010    0.0009   -0.0007    0.0098   -0.0006    0.0909    0.1015   -0.0446    0.0095    0.0520
       25 C4     1s         0.9952   -0.0117   -0.0037   -0.1923   -0.1040   -0.0301   -0.0025   -0.0142    0.0173    0.0635
       26 C4     2s         0.0273   -0.0003   -0.0002    0.3727    0.1974    0.0582    0.0023    0.0350   -0.0394   -0.1029
       27 C4     *s        -0.0072    0.0026   -0.0000    0.2157    0.1999    0.0688    0.0797   -0.0798   -0.0569   -1.0351
       28 C4     2px       -0.0005    0.0005    0.0001    0.0930    0.1168    0.1853    0.0392    0.5256   -0.1441    0.0131
       29 C4     *px        0.0011   -0.0007   -0.0002    0.0125    0.0034    0.0416    0.0018    0.1989   -0.0609    0.3625
       30 C4     2py        0.0005   -0.0007   -0.0001    0.0421   -0.0504   -0.2738    0.3299    0.0862   -0.0701    0.0866
       31 C4     *py       -0.0002    0.0008    0.0001   -0.0155    0.0023   -0.0920    0.1672    0.0208   -0.0522    0.2307
       32 C4     *200      -0.0010   -0.0003   -0.0000    0.0108    0.0062    0.0049    0.0002    0.0071   -0.0095   -0.0148
       33 C4     *110      -0.0001    0.0005    0.0001   -0.0000    0.0068    0.0115   -0.0106    0.0025    0.0087    0.0248
       34 C4     *020      -0.0012   -0.0005   -0.0001    0.0033   -0.0018   -0.0027   -0.0027   -0.0167    0.0130    0.0189
       35 C4     *002      -0.0015   -0.0001   -0.0000   -0.0090   -0.0050   -0.0005   -0.0005    0.0012   -0.0004   -0.0003
       36 H5     1s        -0.0001   -0.0001   -0.0001    0.0915    0.0653    0.1043   -0.1717   -0.1779    0.0953    0.1040
       37 H5     *s         0.0019    0.0002    0.0001    0.0053    0.0164    0.0510   -0.0949   -0.1253    0.1068    1.1102

          Orbital           11        12        13        14    
          Energy            0.2705    0.2981    0.4179    0.5894
          Occ. No.          0.0000    0.0000    0.0000    0.0000

        1 C1     1s        -0.0950    0.0020   -0.0384    0.0580
        2 C1     2s         0.1846    0.0041    0.2072   -0.2824
        3 C1     *s        -1.0148   -0.1688   -1.1941   -5.2590
        4 C1     2px       -0.1207    0.1444    0.1464   -0.1124
        5 C1     *px       -1.8198    0.4592   -0.1615   -2.0390
        6 C1     2py        0.1663    0.0882   -0.1944    0.1234
        7 C1     *py        2.4206    0.3423   -0.0782    2.5593
        8 C1     *200      -0.0032   -0.0107    0.0101   -0.0105
        9 C1     *110       0.0247    0.0067    0.0003   -0.0060
       10 C1     *020      -0.0104    0.0105   -0.0032   -0.0080
       11 C1     *002       0.0062    0.0000    0.0058   -0.0142
       12 C2     1s         0.0473    0.0080    0.1201   -0.0479
       13 C2     2s        -0.1599   -0.0117   -0.0254   -0.5892
       14 C2     *s         2.2180   -0.0593   -2.2051    3.6623
       15 C2     2px        0.0513   -0.1700   -0.0895   -0.1025
       16 C2     *px       -1.4242   -0.6904   -1.0289   -2.9854
       17 C2     2py       -0.0547   -0.0955    0.3153    0.0682
       18 C2     *py        1.9028   -0.3442    1.6963    4.3933
       19 C2     *200       0.0011   -0.0021    0.0078   -0.0360
       20 C2     *110      -0.0192    0.0005   -0.0278    0.0714
       21 C2     *020       0.0069    0.0041    0.0134   -0.0626
       22 C2     *002      -0.0062   -0.0014   -0.0032   -0.0215
       23 H3     1s        -0.0734    0.0025   -0.0448    0.0083
       24 H3     *s        -2.9749    0.0870    0.4716   -0.9888
       25 C4     1s        -0.0187    0.0516   -0.0930   -0.0159
       26 C4     2s         0.0016   -0.0070    0.1028   -0.3551
       27 C4     *s         1.1384   -1.2569    2.5723    3.6029
       28 C4     2px       -0.0532    0.2130   -0.1745    0.3552
       29 C4     *px       -0.3302    0.5630   -1.2224   -1.7089
       30 C4     2py        0.0750    0.2732    0.2508   -0.3647
       31 C4     *py        0.5450    0.8871    1.3121    1.6548
       32 C4     *200       0.0001    0.0120    0.0047    0.0067
       33 C4     *110       0.0058    0.0049    0.0585    0.0057
       34 C4     *020       0.0002   -0.0095   -0.0045   -0.0255
       35 C4     *002      -0.0018    0.0045    0.0026   -0.0137
       36 H5     1s         0.0033   -0.0419    0.1196    0.0290
       37 H5     *s         0.1474    1.9058    0.0395    0.0014

      Molecular orbitals for symmetry species 2: b1 

          Orbital            1         2         3         4         5         6         7         8         9        10    
          Energy          -11.2691  -11.2364  -11.2298   -1.0376   -0.8662   -0.7089   -0.5722   -0.3932    0.2385    0.2706
          Occ. No.          2.0000    2.0000    2.0000    2.0000    2.0000    2.0000    2.0000    2.0000    0.0000    0.0000

        1 C1     1s         0.0005    0.3229   -0.9416   -0.1579    0.1102   -0.0604    0.0280   -0.0025   -0.0091   -0.0906
        2 C1     2s         0.0004    0.0076   -0.0261    0.2863   -0.2088    0.1385   -0.0461    0.0077    0.0245    0.1840
        3 C1     *s         0.0006    0.0002    0.0131    0.3461   -0.1956   -0.1251   -0.2070    0.0588    0.2620   -1.7014
        4 C1     2px        0.0002   -0.0004   -0.0002    0.0879   -0.0214   -0.2495   -0.0604    0.3338   -0.2512   -0.1175
        5 C1     *px       -0.0004    0.0010    0.0024    0.0368    0.0079   -0.1837   -0.0606    0.2433   -0.6278   -2.0254
        6 C1     2py       -0.0003    0.0005    0.0003   -0.1198    0.0140    0.3245    0.1380    0.2366   -0.1921    0.1863
        7 C1     *py        0.0004   -0.0011   -0.0031   -0.0528   -0.0197    0.2385    0.1177    0.1418   -0.4741    2.7878
        8 C1     *200       0.0000   -0.0005    0.0012    0.0007   -0.0025    0.0048    0.0032    0.0128    0.0181   -0.0044
        9 C1     *110      -0.0001   -0.0005    0.0010   -0.0195    0.0204   -0.0203    0.0005   -0.0073   -0.0084    0.0270
       10 C1     *020       0.0001   -0.0004    0.0009    0.0070   -0.0067    0.0121   -0.0012   -0.0127   -0.0191   -0.0099
       11 C1     *002      -0.0000   -0.0007    0.0015   -0.0064    0.0059   -0.0023    0.0020    0.0004    0.0018    0.0066
       12 C2     1s         0.0127    0.9411    0.3244   -0.1801   -0.0358    0.0753   -0.0565    0.0017   -0.0007    0.0406
       13 C2     2s         0.0005    0.0255    0.0101    0.3307    0.0876   -0.1443    0.1261    0.0025    0.0291   -0.1382
       14 C2     *s         0.0069   -0.0094   -0.0125    0.2005    0.0400    0.0409    0.1755   -0.0217    0.1081    2.4351
       15 C2     2px       -0.0000    0.0003   -0.0002   -0.0726    0.1603    0.0863    0.2329    0.3105    0.3249    0.0467
       16 C2     *px        0.0029   -0.0015    0.0016    0.0952    0.0138   -0.1609   -0.0564    0.2427    0.7356   -1.9442
       17 C2     2py        0.0001   -0.0003    0.0003    0.0809   -0.2571   -0.1378   -0.2062    0.2587    0.2254   -0.0949
       18 C2     *py       -0.0029    0.0016   -0.0022   -0.1258   -0.0149    0.2093    0.0950    0.1000    0.2227    2.4789
       19 C2     *200      -0.0003   -0.0009   -0.0003   -0.0005    0.0020   -0.0006    0.0019   -0.0134    0.0156    0.0008
       20 C2     *110       0.0004   -0.0016   -0.0001   -0.0193   -0.0147    0.0119   -0.0084    0.0050   -0.0203   -0.0160
       21 C2     *020      -0.0005   -0.0005   -0.0003    0.0061    0.0096   -0.0023    0.0015    0.0143   -0.0117    0.0074
       22 C2     *002      -0.0001   -0.0015   -0.0003   -0.0075   -0.0022    0.0044   -0.0008    0.0008    0.0023   -0.0048
       23 H3     1s         0.0001    0.0004   -0.0009   -0.0621    0.0876   -0.2859   -0.0583    0.0008    0.0074    0.0727
       24 H3     *s         0.0003   -0.0009    0.0008   -0.0139    0.0225   -0.1224   -0.0281   -0.0045    0.1127    3.1095
       25 C4     1s         0.9959   -0.0126   -0.0039   -0.0577   -0.1463   -0.0451    0.0224   -0.0204   -0.0348   -0.0266
       26 C4     2s         0.0283    0.0000   -0.0002    0.1183    0.2907    0.0832   -0.0498    0.0426    0.0772   -0.0033
       27 C4     *s        -0.0212    0.0028    0.0011   -0.0236    0.2818    0.2557    0.0766    0.0760    0.5099    1.7293
       28 C4     2px       -0.0001    0.0003    0.0001   -0.0833   -0.2047   -0.0620    0.0305    0.0099    0.0961   -0.0345
       29 C4     *px       -0.0021   -0.0023   -0.0011    0.0191   -0.0919   -0.0828    0.0065    0.0525    0.6109   -0.4925
       30 C4     2py        0.0006   -0.0005   -0.0000    0.0490    0.0323   -0.0617    0.4179   -0.0415    0.0379    0.0360
       31 C4     *py       -0.0050    0.0011    0.0013   -0.0645   -0.0000    0.0639    0.3377   -0.0842   -0.2126    0.9844
       32 C4     *200      -0.0006   -0.0006   -0.0001    0.0009   -0.0008    0.0009   -0.0004   -0.0093   -0.0211    0.0055
       33 C4     *110      -0.0003    0.0007    0.0001   -0.0070   -0.0010    0.0064   -0.0466    0.0116    0.0091   -0.0043
       34 C4     *020      -0.0008   -0.0006   -0.0001    0.0062    0.0125    0.0057   -0.0045    0.0086    0.0187    0.0023
       35 C4     *002      -0.0013   -0.0001   -0.0000   -0.0028   -0.0074   -0.0024    0.0006   -0.0004    0.0019   -0.0032
       36 H5     1s        -0.0002   -0.0002   -0.0000    0.0383    0.1484    0.0897   -0.2808    0.0646    0.0705   -0.0163
       37 H5     *s         0.0009   -0.0004    0.0001   -0.0015    0.0451    0.0572   -0.1774    0.0512    0.1607   -0.0115

          Orbital           11        12    
          Energy            0.3143    0.5676
          Occ. No.          0.0000    0.0000

        1 C1     1s         0.0167   -0.0700
        2 C1     2s        -0.0397    0.2625
        3 C1     *s        -2.1292    1.8105
        4 C1     2px       -0.0452    0.0774
        5 C1     *px       -0.7857    1.3376
        6 C1     2py        0.0787   -0.2638
        7 C1     *py        1.2019   -1.0257
        8 C1     *200       0.0006   -0.0091
        9 C1     *110       0.0013    0.0196
       10 C1     *020      -0.0038    0.0160
       11 C1     *002      -0.0012    0.0105
       12 C2     1s        -0.0355    0.1141
       13 C2     2s         0.0186    0.1417
       14 C2     *s         0.7621   -3.6441
       15 C2     2px        0.1077   -0.2483
       16 C2     *px       -1.7234    0.0970
       17 C2     2py       -0.0643   -0.0275
       18 C2     *py        1.8266   -1.1141
       19 C2     *200      -0.0046    0.0192
       20 C2     *110       0.0213   -0.0601
       21 C2     *020      -0.0086    0.0214
       22 C2     *002      -0.0011   -0.0045
       23 H3     1s        -0.0038    0.0988
       24 H3     *s         0.5878   -0.8106
       25 C4     1s         0.1106   -0.1195
       26 C4     2s        -0.2390    0.2469
       27 C4     *s        -0.5059    2.5795
       28 C4     2px        0.1187   -0.0434
       29 C4     *px       -0.1558    2.3041
       30 C4     2py        0.1548    0.4089
       31 C4     *py        2.8627    1.5660
       32 C4     *200       0.0071    0.0129
       33 C4     *110      -0.0183   -0.0178
       34 C4     *020       0.0049   -0.0008
       35 C4     *002      -0.0050    0.0110
       36 H5     1s         0.0080   -0.0698
       37 H5     *s         2.8310    1.4734

      Molecular orbitals for symmetry species 3: a2 

          Orbital            1         2         3    
          Energy           -0.4159    0.0956    0.3589
          Occ. No.          2.0000    0.0000    0.0000

        1 C1     2pz        0.3763   -0.2972    0.1744
        2 C1     *pz        0.2501   -0.4630    0.8192
        3 C1     *101       0.0158    0.0074   -0.0291
        4 C1     *011      -0.0214   -0.0102    0.0378
        5 C2     2pz        0.4116    0.1484   -0.4128
        6 C2     *pz        0.2569    0.2322   -0.9957
        7 C2     *101      -0.0134    0.0234   -0.0002
        8 C2     *011       0.0146   -0.0394   -0.0064
        9 C4     2pz        0.1040    0.4139    0.3559
       10 C4     *pz        0.0741    0.6542    1.0665
       11 C4     *101      -0.0134   -0.0335   -0.0142
       12 C4     *011       0.0119    0.0079   -0.0269

      Molecular orbitals for symmetry species 4: b2 

          Orbital            1         2         3    
          Energy           -0.4892   -0.3267    0.2583
          Occ. No.          2.0000    2.0000    0.0000

        1 C1     2pz        0.2183   -0.3545   -0.3055
        2 C1     *pz        0.1299   -0.2710   -0.8642
        3 C1     *101       0.0116   -0.0103    0.0234
        4 C1     *011      -0.0154    0.0133   -0.0304
        5 C2     2pz        0.3083   -0.2513    0.3814
        6 C2     *pz        0.1698   -0.1984    0.9221
        7 C2     *101       0.0006    0.0237    0.0153
        8 C2     *011      -0.0002   -0.0291   -0.0184
        9 C4     2pz        0.3888    0.3750   -0.1530
       10 C4     *pz        0.2568    0.3292   -0.3042
       11 C4     *101       0.0174    0.0308   -0.0314
       12 C4     *011       0.0111   -0.0068    0.0357
--


++    Molecular charges:
      ------------------

      Mulliken charges per centre and basis function type
      ---------------------------------------------------

                C1      C2      H3      C4      H5    
      1s       1.9965  1.9966  0.5011  1.9966  0.5247
      2s       0.6686  0.6748  0.0000  0.6683  0.0000
      2px      0.6551  0.6548  0.0000  0.7576  0.0000
      2pz      0.5594  0.5817  0.0000  0.5357  0.0000
      2py      0.7208  0.7219  0.0000  0.7087  0.0000
      *s       0.5446  0.3893  0.2013  0.4641  0.2436
      *px      0.4587  0.2799  0.0000  0.2018  0.0000
      *110     0.0115  0.0101  0.0000  0.0191  0.0000
      *020     0.0367  0.0285  0.0000  0.0249  0.0000
      *002    -0.0192 -0.0180  0.0000 -0.0193  0.0000
      *200     0.0117  0.0077  0.0000  0.0242  0.0000
      *pz      0.4269  0.4026  0.0000  0.4583  0.0000
      *py      0.4257  0.1043  0.0000  0.3226  0.0000
      *101     0.0036  0.0055  0.0000  0.0093  0.0000
      *011     0.0063  0.0085  0.0000  0.0023  0.0000
      Total    6.5070  5.8480  0.7024  6.1743  0.7683

      N-E     -0.5070  0.1520  0.2976 -0.1743  0.2317

      Total electronic charge=   40.000000

      Total            charge=   -0.000000
--


++    Molecular properties:
      ---------------------

      Charge (e):
                      =   -0.0000
      Dipole Moment (Debye):
      Origin of the operator (Ang)=    0.0000    0.0000    0.0000
                   X=  0.0000E+00               Y= -1.8436E-01               Z=  0.0000E+00           Total=  1.8436E-01
      Quadrupole Moment (Debye*Ang):
      Origin of the operator (Ang)=    0.0000    0.0248    0.0000
                  XX= -3.0120E+01              XY=  0.0000E+00              XZ=  0.0000E+00              YY= -2.6424E+01
                  YZ=  0.0000E+00              ZZ= -3.7591E+01
      In traceless form (Debye*Ang)
                  XX=  1.8872E+00              XY=  0.0000E+00              XZ=  0.0000E+00              YY=  7.4315E+00
                  YZ=  0.0000E+00              ZZ= -9.3186E+00
--


      Input file to MOLDEN was generated!

 ###############################################################################
 ###############################################################################
 ###                                                                         ###
 ###                                                                         ###
 ###    WARNING: RunFile label nBas                                          ###
 ###    was used       69 times                                              ###
 ###                                                                         ###
 ###                                                                         ###
 ###############################################################################
 ###############################################################################
--- Stop Module: last_energy at Sun Jul  7 15:38:25 2024 /rc=_RC_ALL_IS_WELL_ ---
*** files: reactant.GssOrb reactant.guessorb.molden reactant.scf.molden reactant.ScfOrb xmldump
    saved to directory /home/kenya/molcas_test/exercise_1
--- Module last_energy spent 2 seconds ---

>>> END DO

.##################.
.# Happy landing! #.
.##################.

    Timing: Wall=6.18 User=5.51 System=0.62
